Log file open, 05/10/22 08:12:36
LogWindows: Failed to load 'aqProf.dll' (GetLastError=126)
LogWindows: File 'aqProf.dll' does not exist
LogWindows: Failed to load 'VtuneApi.dll' (GetLastError=126)
LogWindows: File 'VtuneApi.dll' does not exist
LogWindows: Failed to load 'VtuneApi32e.dll' (GetLastError=126)
LogWindows: File 'VtuneApi32e.dll' does not exist
LogConsoleResponse: Display: Failed to find resolution value strings in scalability ini. Falling back to default.
LogConsoleResponse: Display: Failed to find resolution value strings in scalability ini. Falling back to default.
LogInit: Display: Running engine for game: Ball_Runner
LogPlatformFile: Not using cached read wrapper
LogTaskGraph: Started task graph with 5 named threads and 35 total threads with 3 sets of task threads.
LogStats: Stats thread started at 0.214945
LogICUInternationalization: ICU TimeZone Detection - Raw Offset: -8:00, Platform Override: ''
LogInit: Display: Loading text-based GConfig....
LogPluginManager: Mounting plugin MeshPainting
LogPluginManager: Mounting plugin XGEController
LogPluginManager: Mounting plugin LiveLink
LogPluginManager: Mounting plugin Paper2D
LogPluginManager: Mounting plugin GameplayCameras
LogPluginManager: Mounting plugin CameraShakePreviewer
LogPluginManager: Mounting plugin AISupport
LogPluginManager: Mounting plugin OodleData
LogPluginManager: Mounting plugin OodleNetwork
LogPluginManager: Mounting plugin AnimationSharing
LogPluginManager: Mounting plugin CLionSourceCodeAccess
LogPluginManager: Mounting plugin KDevelopSourceCodeAccess
LogPluginManager: Mounting plugin CodeLiteSourceCodeAccess
LogPluginManager: Mounting plugin NullSourceCodeAccess
LogPluginManager: Mounting plugin PerforceSourceControl
LogPluginManager: Mounting plugin GitSourceControl
LogPluginManager: Mounting plugin PixWinPlugin
LogPluginManager: Mounting plugin PlasticSourceControl
LogPluginManager: Mounting plugin PluginUtils
LogPluginManager: Mounting plugin PropertyAccessNode
LogPluginManager: Mounting plugin RiderSourceCodeAccess
LogPluginManager: Mounting plugin TextureFormatOodle
LogPluginManager: Mounting plugin UObjectPlugin
LogPluginManager: Mounting plugin SubversionSourceControl
LogPluginManager: Mounting plugin VisualStudioCodeSourceCodeAccess
LogPluginManager: Mounting plugin VisualStudioSourceCodeAccess
LogPluginManager: Mounting plugin XCodeSourceCodeAccess
LogPluginManager: Mounting plugin DatasmithContent
LogPluginManager: Mounting plugin AssetManagerEditor
LogPluginManager: Mounting plugin VariantManagerContent
LogPluginManager: Mounting plugin CryptoKeys
LogPluginManager: Mounting plugin CurveEditorTools
LogPluginManager: Mounting plugin DataValidation
LogPluginManager: Mounting plugin GameplayTagsEditor
LogPluginManager: Mounting plugin FacialAnimation
LogPluginManager: Mounting plugin GeometryMode
LogPluginManager: Mounting plugin MacGraphicsSwitching
LogPluginManager: Mounting plugin MaterialAnalyzer
LogPluginManager: Mounting plugin MobileLauncherProfileWizard
LogPluginManager: Mounting plugin SpeedTreeImporter
LogPluginManager: Mounting plugin AlembicImporter
LogPluginManager: Mounting plugin PluginBrowser
LogPluginManager: Mounting plugin AutomationUtils
LogPluginManager: Mounting plugin BackChannel
LogPluginManager: Mounting plugin ChaosCloth
LogPluginManager: Mounting plugin ChaosClothEditor
LogPluginManager: Mounting plugin ChaosEditor
LogPluginManager: Mounting plugin ChaosNiagara
LogPluginManager: Mounting plugin ChaosSolverPlugin
LogPluginManager: Mounting plugin CharacterAI
LogPluginManager: Mounting plugin GeometryCache
LogPluginManager: Mounting plugin GeometryCollectionPlugin
LogPluginManager: Mounting plugin GeometryProcessing
LogPluginManager: Mounting plugin MotoSynth
LogPluginManager: Mounting plugin OpenImageDenoise
LogPluginManager: Mounting plugin ProxyLODPlugin
LogPluginManager: Mounting plugin Niagara
LogPluginManager: Mounting plugin PlatformCrypto
LogPluginManager: Mounting plugin PlanarCut
LogPluginManager: Mounting plugin PythonScriptPlugin
LogPluginManager: Mounting plugin SkeletalReduction
LogPluginManager: Mounting plugin LuminPlatformFeatures
LogPluginManager: Mounting plugin MagicLeap
LogPluginManager: Mounting plugin MagicLeapLightEstimation
LogPluginManager: Mounting plugin MagicLeapMedia
LogPluginManager: Mounting plugin AndroidMedia
LogPluginManager: Mounting plugin MagicLeapPassableWorld
LogPluginManager: Mounting plugin AvfMedia
LogPluginManager: Mounting plugin MLSDK
LogPluginManager: Mounting plugin ImgMedia
LogPluginManager: Mounting plugin MediaCompositing
LogPluginManager: Mounting plugin MediaPlayerEditor
LogPluginManager: Mounting plugin WebMMedia
LogPluginManager: Mounting plugin WmfMedia
LogPluginManager: Mounting plugin TcpMessaging
LogPluginManager: Mounting plugin UdpMessaging
LogPluginManager: Mounting plugin ActorSequence
LogPluginManager: Mounting plugin LevelSequenceEditor
LogPluginManager: Mounting plugin MatineeToLevelSequence
LogPluginManager: Mounting plugin TemplateSequence
LogPluginManager: Mounting plugin OnlineSubsystem
LogPluginManager: Mounting plugin OnlineSubsystemNull
LogPluginManager: Mounting plugin OnlineSubsystemUtils
LogPluginManager: Mounting plugin LauncherChunkInstaller
LogPluginManager: Mounting plugin ActorLayerUtilities
LogPluginManager: Mounting plugin AndroidMoviePlayer
LogPluginManager: Mounting plugin AndroidDeviceProfileSelector
LogPluginManager: Mounting plugin AndroidPermission
LogPluginManager: Mounting plugin AppleImageUtils
LogPluginManager: Mounting plugin AppleMoviePlayer
LogPluginManager: Mounting plugin ArchVisCharacter
LogPluginManager: Mounting plugin AssetTags
LogPluginManager: Mounting plugin AudioCapture
LogPluginManager: Mounting plugin AudioSynesthesia
LogPluginManager: Mounting plugin ChunkDownloader
LogPluginManager: Mounting plugin CustomMeshComponent
LogPluginManager: Mounting plugin CableComponent
LogPluginManager: Mounting plugin EditableMesh
LogPluginManager: Mounting plugin ExampleDeviceProfileSelector
LogPluginManager: Mounting plugin GoogleCloudMessaging
LogPluginManager: Mounting plugin GooglePAD
LogPluginManager: Mounting plugin IOSDeviceProfileSelector
LogPluginManager: Mounting plugin LinuxDeviceProfileSelector
LogPluginManager: Mounting plugin LocationServicesBPLibrary
LogPluginManager: Mounting plugin MobilePatchingUtils
LogPluginManager: Mounting plugin OpenXR
LogPluginManager: Mounting plugin OpenXREyeTracker
LogPluginManager: Mounting plugin OpenXRHandTracking
LogPluginManager: Mounting plugin PhysXVehicles
LogPluginManager: Mounting plugin PostSplashScreen
LogPluginManager: Mounting plugin ProceduralMeshComponent
LogPluginManager: Mounting plugin PropertyAccessEditor
LogPluginManager: Mounting plugin RuntimePhysXCooking
LogPluginManager: Mounting plugin SoundFields
LogPluginManager: Mounting plugin SignificanceManager
LogPluginManager: Mounting plugin Synthesis
LogPluginManager: Mounting plugin WebMMoviePlayer
LogPluginManager: Mounting plugin WindowsMoviePlayer
LogPluginManager: Mounting plugin ScreenshotTools
LogPluginManager: Mounting plugin Takes
LogPluginManager: Mounting plugin EnvironmentQueryEditor
LogPluginManager: Mounting plugin LightPropagationVolume
LogPluginManager: Mounting plugin ContentBrowserClassDataSource
LogPluginManager: Mounting plugin ContentBrowserAssetDataSource
LogPluginManager: Mounting plugin ContentBrowserFileDataSource
LogPluginManager: Mounting plugin OnlineSubsystemGooglePlay
LogPluginManager: Mounting plugin OnlineSubsystemIOS
LogPluginManager: Mounting plugin OculusVR
LogPluginManager: Mounting plugin SteamVR
PixWinPlugin: PIX capture plugin failed to initialize! Check that the process is launched from PIX.
LogInit: Using libcurl 7.55.1-DEV
LogInit:  - built for x86_64-pc-win32
LogInit:  - supports SSL with OpenSSL/1.1.1
LogInit:  - supports HTTP deflate (compression) using libz 1.2.8
LogInit:  - other features:
LogInit:      CURL_VERSION_SSL
LogInit:      CURL_VERSION_LIBZ
LogInit:      CURL_VERSION_IPV6
LogInit:      CURL_VERSION_ASYNCHDNS
LogInit:      CURL_VERSION_LARGEFILE
LogInit:      CURL_VERSION_IDN
LogInit:  CurlRequestOptions (configurable via config and command line):
LogInit:  - bVerifyPeer = true  - Libcurl will verify peer certificate
LogInit:  - bUseHttpProxy = false  - Libcurl will NOT use HTTP proxy
LogInit:  - bDontReuseConnections = false  - Libcurl will reuse connections
LogInit:  - MaxHostConnections = 16  - Libcurl will limit the number of connections to a host
LogInit:  - LocalHostAddr = Default
LogInit:  - BufferSize = 65536
LogOnline: OSS: Creating online subsystem instance for: NULL
LogInit: WinSock: version 1.1 (2.2), MaxSocks=32767, MaxUdp=65467
LogOnline: OSS: TryLoadSubsystemAndSetDefault: Loaded subsystem for module [NULL]
LogOculusPluginWrapper: OculusPlugin initialized successfully
LogHMD: Failed initializing OVRPlugin 1.59.0
LogInit: Build: ++UE4+Release-4.27-CL-17735300
LogInit: Engine Version: 4.27.1-17735300+++UE4+Release-4.27
LogInit: Compatible Engine Version: 4.27.0-17155196+++UE4+Release-4.27
LogInit: Net CL: 17155196
LogInit: OS: Windows 10 (Release 2009) (), CPU: AMD Ryzen 5 3600 6-Core Processor              , GPU: NVIDIA GeForce GTX 1660 SUPER
LogInit: Compiled (64-bit): Oct  6 2021 14:42:51
LogInit: Compiled with Visual C++: 19.24.28315.00
LogInit: Build Configuration: Development
LogInit: Branch Name: ++UE4+Release-4.27
LogInit: Command Line: 
LogInit: Base Directory: D:/UE_4.27/Engine/Binaries/Win64/
LogInit: Allocator: TBB
LogInit: Installed Engine Build: 1
LogDevObjectVersion: Number of dev versions registered: 29
LogDevObjectVersion:   Dev-Blueprints (B0D832E4-1F89-4F0D-ACCF-7EB736FD4AA2): 10
LogDevObjectVersion:   Dev-Build (E1C64328-A22C-4D53-A36C-8E866417BD8C): 0
LogDevObjectVersion:   Dev-Core (375EC13C-06E4-48FB-B500-84F0262A717E): 4
LogDevObjectVersion:   Dev-Editor (E4B068ED-F494-42E9-A231-DA0B2E46BB41): 40
LogDevObjectVersion:   Dev-Framework (CFFC743F-43B0-4480-9391-14DF171D2073): 37
LogDevObjectVersion:   Dev-Mobile (B02B49B5-BB20-44E9-A304-32B752E40360): 3
LogDevObjectVersion:   Dev-Networking (A4E4105C-59A1-49B5-A7C5-40C4547EDFEE): 0
LogDevObjectVersion:   Dev-Online (39C831C9-5AE6-47DC-9A44-9C173E1C8E7C): 0
LogDevObjectVersion:   Dev-Physics (78F01B33-EBEA-4F98-B9B4-84EACCB95AA2): 14
LogDevObjectVersion:   Dev-Platform (6631380F-2D4D-43E0-8009-CF276956A95A): 0
LogDevObjectVersion:   Dev-Rendering (12F88B9F-8875-4AFC-A67C-D90C383ABD29): 45
LogDevObjectVersion:   Dev-Sequencer (7B5AE74C-D270-4C10-A958-57980B212A5A): 13
LogDevObjectVersion:   Dev-VR (D7296918-1DD6-4BDD-9DE2-64A83CC13884): 3
LogDevObjectVersion:   Dev-LoadTimes (C2A15278-BFE7-4AFE-6C17-90FF531DF755): 1
LogDevObjectVersion:   Private-Geometry (6EACA3D4-40EC-4CC1-B786-8BED09428FC5): 3
LogDevObjectVersion:   Dev-AnimPhys (29E575DD-E0A3-4627-9D10-D276232CDCEA): 17
LogDevObjectVersion:   Dev-Anim (AF43A65D-7FD3-4947-9873-3E8ED9C1BB05): 15
LogDevObjectVersion:   Dev-ReflectionCapture (6B266CEC-1EC7-4B8F-A30B-E4D90942FC07): 1
LogDevObjectVersion:   Dev-Automation (0DF73D61-A23F-47EA-B727-89E90C41499A): 1
LogDevObjectVersion:   FortniteMain (601D1886-AC64-4F84-AA16-D3DE0DEAC7D6): 47
LogDevObjectVersion:   FortniteRelease (E7086368-6B23-4C58-8439-1B7016265E91): 1
LogDevObjectVersion:   Dev-Enterprise (9DFFBCD6-494F-0158-E221-12823C92A888): 10
LogDevObjectVersion:   Dev-Niagara (F2AED0AC-9AFE-416F-8664-AA7FFA26D6FC): 1
LogDevObjectVersion:   Dev-Destruction (174F1F0B-B4C6-45A5-B13F-2EE8D0FB917D): 10
LogDevObjectVersion:   Dev-Physics-Ext (35F94A83-E258-406C-A318-09F59610247C): 41
LogDevObjectVersion:   Dev-PhysicsMaterial-Chaos (B68FC16E-8B1B-42E2-B453-215C058844FE): 1
LogDevObjectVersion:   Dev-CineCamera (B2E18506-4273-CFC2-A54E-F4BB758BBA07): 1
LogDevObjectVersion:   Dev-VirtualProduction (64F58936-FD1B-42BA-BA96-7289D5D0FA4E): 1
LogDevObjectVersion:   Dev-MediaFramework (6F0ED827-A609-4895-9C91-998D90180EA4): 2
LogInit: Presizing for max 25165824 objects, including 0 objects not considered by GC, pre-allocating 0 bytes for permanent pool.
LogConfig: Applying CVar settings from Section [/Script/Engine.StreamingSettings] File [D:/Ball_Runner/Ball_Runner/Saved/Config/Windows/Engine.ini]
LogConfig: Setting CVar [[s.MinBulkDataSizeForAsyncLoading:131072]]
LogConfig: Setting CVar [[s.AsyncLoadingThreadEnabled:0]]
LogConfig: Setting CVar [[s.EventDrivenLoaderEnabled:1]]
LogConfig: Setting CVar [[s.WarnIfTimeLimitExceeded:0]]
LogConfig: Setting CVar [[s.TimeLimitExceededMultiplier:1.5]]
LogConfig: Setting CVar [[s.TimeLimitExceededMinTime:0.005]]
LogConfig: Setting CVar [[s.UseBackgroundLevelStreaming:1]]
LogConfig: Setting CVar [[s.PriorityAsyncLoadingExtraTime:15.0]]
LogConfig: Setting CVar [[s.LevelStreamingActorsUpdateTimeLimit:5.0]]
LogConfig: Setting CVar [[s.PriorityLevelStreamingActorsUpdateExtraTime:5.0]]
LogConfig: Setting CVar [[s.LevelStreamingComponentsRegistrationGranularity:10]]
LogConfig: Setting CVar [[s.UnregisterComponentsTimeLimit:1.0]]
LogConfig: Setting CVar [[s.LevelStreamingComponentsUnregistrationGranularity:5]]
LogConfig: Setting CVar [[s.FlushStreamingOnExit:1]]
LogInit: Object subsystem initialized
LogConfig: Setting CVar [[con.DebugEarlyDefault:1]]
LogConfig: Setting CVar [[r.setres:1280x720]]
[2022.05.10-15.12.37:355][  0]LogConfig: Setting CVar [[r.VSync:0]]
[2022.05.10-15.12.37:355][  0]LogConfig: Setting CVar [[r.RHICmdBypass:0]]
[2022.05.10-15.12.37:355][  0]LogConfig: Applying CVar settings from Section [/Script/Engine.RendererSettings] File [D:/Ball_Runner/Ball_Runner/Saved/Config/Windows/Engine.ini]
[2022.05.10-15.12.37:355][  0]LogConfig: Setting CVar [[r.GPUCrashDebugging:0]]
[2022.05.10-15.12.37:355][  0]LogConfig: Applying CVar settings from Section [/Script/Engine.RendererOverrideSettings] File [D:/Ball_Runner/Ball_Runner/Saved/Config/Windows/Engine.ini]
[2022.05.10-15.12.37:355][  0]LogConfig: Applying CVar settings from Section [/Script/Engine.StreamingSettings] File [D:/Ball_Runner/Ball_Runner/Saved/Config/Windows/Engine.ini]
[2022.05.10-15.12.37:355][  0]LogConfig: Setting CVar [[s.MinBulkDataSizeForAsyncLoading:131072]]
[2022.05.10-15.12.37:355][  0]LogConfig: Setting CVar [[s.AsyncLoadingThreadEnabled:0]]
[2022.05.10-15.12.37:355][  0]LogConfig: Setting CVar [[s.EventDrivenLoaderEnabled:1]]
[2022.05.10-15.12.37:355][  0]LogConfig: Setting CVar [[s.WarnIfTimeLimitExceeded:0]]
[2022.05.10-15.12.37:355][  0]LogConfig: Setting CVar [[s.TimeLimitExceededMultiplier:1.5]]
[2022.05.10-15.12.37:355][  0]LogConfig: Setting CVar [[s.TimeLimitExceededMinTime:0.005]]
[2022.05.10-15.12.37:355][  0]LogConfig: Setting CVar [[s.UseBackgroundLevelStreaming:1]]
[2022.05.10-15.12.37:355][  0]LogConfig: Setting CVar [[s.PriorityAsyncLoadingExtraTime:15.0]]
[2022.05.10-15.12.37:355][  0]LogConfig: Setting CVar [[s.LevelStreamingActorsUpdateTimeLimit:5.0]]
[2022.05.10-15.12.37:355][  0]LogConfig: Setting CVar [[s.PriorityLevelStreamingActorsUpdateExtraTime:5.0]]
[2022.05.10-15.12.37:355][  0]LogConfig: Setting CVar [[s.LevelStreamingComponentsRegistrationGranularity:10]]
[2022.05.10-15.12.37:355][  0]LogConfig: Setting CVar [[s.UnregisterComponentsTimeLimit:1.0]]
[2022.05.10-15.12.37:355][  0]LogConfig: Setting CVar [[s.LevelStreamingComponentsUnregistrationGranularity:5]]
[2022.05.10-15.12.37:355][  0]LogConfig: Setting CVar [[s.FlushStreamingOnExit:1]]
[2022.05.10-15.12.37:355][  0]LogConfig: Applying CVar settings from Section [/Script/Engine.GarbageCollectionSettings] File [D:/Ball_Runner/Ball_Runner/Saved/Config/Windows/Engine.ini]
[2022.05.10-15.12.37:355][  0]LogConfig: Setting CVar [[gc.MaxObjectsNotConsideredByGC:1]]
[2022.05.10-15.12.37:355][  0]LogConfig: Setting CVar [[gc.SizeOfPermanentObjectPool:0]]
[2022.05.10-15.12.37:355][  0]LogConfig: Setting CVar [[gc.FlushStreamingOnGC:0]]
[2022.05.10-15.12.37:355][  0]LogConfig: Setting CVar [[gc.NumRetriesBeforeForcingGC:10]]
[2022.05.10-15.12.37:355][  0]LogConfig: Setting CVar [[gc.AllowParallelGC:1]]
[2022.05.10-15.12.37:355][  0]LogConfig: Setting CVar [[gc.TimeBetweenPurgingPendingKillObjects:61.1]]
[2022.05.10-15.12.37:355][  0]LogConfig: Setting CVar [[gc.MaxObjectsInEditor:25165824]]
[2022.05.10-15.12.37:355][  0]LogConfig: Setting CVar [[gc.IncrementalBeginDestroyEnabled:1]]
[2022.05.10-15.12.37:355][  0]LogConfig: Setting CVar [[gc.CreateGCClusters:1]]
[2022.05.10-15.12.37:355][  0]LogConfig: Setting CVar [[gc.MinGCClusterSize:5]]
[2022.05.10-15.12.37:355][  0]LogConfig: Setting CVar [[gc.ActorClusteringEnabled:0]]
[2022.05.10-15.12.37:355][  0]LogConfig: Setting CVar [[gc.BlueprintClusteringEnabled:0]]
[2022.05.10-15.12.37:356][  0]LogConfig: Setting CVar [[gc.UseDisregardForGCOnDedicatedServers:0]]
[2022.05.10-15.12.37:356][  0]LogConfig: Setting CVar [[gc.MultithreadedDestructionEnabled:1]]
[2022.05.10-15.12.37:356][  0]LogConfig: Applying CVar settings from Section [/Script/Engine.NetworkSettings] File [D:/Ball_Runner/Ball_Runner/Saved/Config/Windows/Engine.ini]
[2022.05.10-15.12.37:356][  0]LogConfig: Applying CVar settings from Section [/Script/UnrealEd.CookerSettings] File [D:/Ball_Runner/Ball_Runner/Saved/Config/Windows/Engine.ini]
[2022.05.10-15.12.37:364][  0]LogConfig: Applying CVar settings from Section [ViewDistanceQuality@3] File [D:/Ball_Runner/Ball_Runner/Saved/Config/Windows/Scalability.ini]
[2022.05.10-15.12.37:365][  0]LogConfig: Setting CVar [[r.SkeletalMeshLODBias:0]]
[2022.05.10-15.12.37:365][  0]LogConfig: Setting CVar [[r.ViewDistanceScale:1.0]]
[2022.05.10-15.12.37:365][  0]LogConfig: Applying CVar settings from Section [AntiAliasingQuality@3] File [D:/Ball_Runner/Ball_Runner/Saved/Config/Windows/Scalability.ini]
[2022.05.10-15.12.37:365][  0]LogConfig: Setting CVar [[r.PostProcessAAQuality:4]]
[2022.05.10-15.12.37:365][  0]LogConfig: Applying CVar settings from Section [ShadowQuality@3] File [D:/Ball_Runner/Ball_Runner/Saved/Config/Windows/Scalability.ini]
[2022.05.10-15.12.37:365][  0]LogConfig: Setting CVar [[r.LightFunctionQuality:1]]
[2022.05.10-15.12.37:365][  0]LogConfig: Setting CVar [[r.ShadowQuality:5]]
[2022.05.10-15.12.37:365][  0]LogConfig: Setting CVar [[r.Shadow.CSM.MaxCascades:10]]
[2022.05.10-15.12.37:365][  0]LogConfig: Setting CVar [[r.Shadow.MaxResolution:2048]]
[2022.05.10-15.12.37:365][  0]LogConfig: Setting CVar [[r.Shadow.MaxCSMResolution:2048]]
[2022.05.10-15.12.37:365][  0]LogConfig: Setting CVar [[r.Shadow.RadiusThreshold:0.01]]
[2022.05.10-15.12.37:365][  0]LogConfig: Setting CVar [[r.Shadow.DistanceScale:1.0]]
[2022.05.10-15.12.37:365][  0]LogConfig: Setting CVar [[r.Shadow.CSM.TransitionScale:1.0]]
[2022.05.10-15.12.37:365][  0]LogConfig: Setting CVar [[r.Shadow.PreShadowResolutionFactor:1.0]]
[2022.05.10-15.12.37:365][  0]LogConfig: Setting CVar [[r.DistanceFieldShadowing:1]]
[2022.05.10-15.12.37:365][  0]LogConfig: Setting CVar [[r.DistanceFieldAO:1]]
[2022.05.10-15.12.37:365][  0]LogConfig: Setting CVar [[r.AOQuality:2]]
[2022.05.10-15.12.37:365][  0]LogConfig: Setting CVar [[r.VolumetricFog:1]]
[2022.05.10-15.12.37:365][  0]LogConfig: Setting CVar [[r.VolumetricFog.GridPixelSize:8]]
[2022.05.10-15.12.37:365][  0]LogConfig: Setting CVar [[r.VolumetricFog.GridSizeZ:128]]
[2022.05.10-15.12.37:365][  0]LogConfig: Setting CVar [[r.VolumetricFog.HistoryMissSupersampleCount:4]]
[2022.05.10-15.12.37:365][  0]LogConfig: Setting CVar [[r.LightMaxDrawDistanceScale:1]]
[2022.05.10-15.12.37:365][  0]LogConfig: Setting CVar [[r.CapsuleShadows:1]]
[2022.05.10-15.12.37:365][  0]LogConfig: Applying CVar settings from Section [PostProcessQuality@3] File [D:/Ball_Runner/Ball_Runner/Saved/Config/Windows/Scalability.ini]
[2022.05.10-15.12.37:365][  0]LogConfig: Setting CVar [[r.MotionBlurQuality:4]]
[2022.05.10-15.12.37:365][  0]LogConfig: Setting CVar [[r.AmbientOcclusionMipLevelFactor:0.4]]
[2022.05.10-15.12.37:365][  0]LogConfig: Setting CVar [[r.AmbientOcclusionMaxQuality:100]]
[2022.05.10-15.12.37:365][  0]LogConfig: Setting CVar [[r.AmbientOcclusionLevels:-1]]
[2022.05.10-15.12.37:365][  0]LogConfig: Setting CVar [[r.AmbientOcclusionRadiusScale:1.0]]
[2022.05.10-15.12.37:365][  0]LogConfig: Setting CVar [[r.DepthOfFieldQuality:2]]
[2022.05.10-15.12.37:365][  0]LogConfig: Setting CVar [[r.RenderTargetPoolMin:400]]
[2022.05.10-15.12.37:365][  0]LogConfig: Setting CVar [[r.LensFlareQuality:2]]
[2022.05.10-15.12.37:365][  0]LogConfig: Setting CVar [[r.SceneColorFringeQuality:1]]
[2022.05.10-15.12.37:365][  0]LogConfig: Setting CVar [[r.EyeAdaptationQuality:2]]
[2022.05.10-15.12.37:365][  0]LogConfig: Setting CVar [[r.BloomQuality:5]]
[2022.05.10-15.12.37:365][  0]LogConfig: Setting CVar [[r.FastBlurThreshold:100]]
[2022.05.10-15.12.37:365][  0]LogConfig: Setting CVar [[r.Upscale.Quality:3]]
[2022.05.10-15.12.37:365][  0]LogConfig: Setting CVar [[r.Tonemapper.GrainQuantization:1]]
[2022.05.10-15.12.37:365][  0]LogConfig: Setting CVar [[r.LightShaftQuality:1]]
[2022.05.10-15.12.37:365][  0]LogConfig: Setting CVar [[r.Filter.SizeScale:1]]
[2022.05.10-15.12.37:365][  0]LogConfig: Setting CVar [[r.Tonemapper.Quality:5]]
[2022.05.10-15.12.37:365][  0]LogConfig: Setting CVar [[r.DOF.Gather.AccumulatorQuality:1        ; higher gathering accumulator quality]]
[2022.05.10-15.12.37:365][  0]LogConfig: Setting CVar [[r.DOF.Gather.PostfilterMethod:1          ; Median3x3 postfilering method]]
[2022.05.10-15.12.37:365][  0]LogConfig: Setting CVar [[r.DOF.Gather.EnableBokehSettings:0       ; no bokeh simulation when gathering]]
[2022.05.10-15.12.37:365][  0]LogConfig: Setting CVar [[r.DOF.Gather.RingCount:4                 ; medium number of samples when gathering]]
[2022.05.10-15.12.37:365][  0]LogConfig: Setting CVar [[r.DOF.Scatter.ForegroundCompositing:1    ; additive foreground scattering]]
[2022.05.10-15.12.37:365][  0]LogConfig: Setting CVar [[r.DOF.Scatter.BackgroundCompositing:2    ; additive background scattering]]
[2022.05.10-15.12.37:365][  0]LogConfig: Setting CVar [[r.DOF.Scatter.EnableBokehSettings:1      ; bokeh simulation when scattering]]
[2022.05.10-15.12.37:365][  0]LogConfig: Setting CVar [[r.DOF.Scatter.MaxSpriteRatio:0.1         ; only a maximum of 10% of scattered bokeh]]
[2022.05.10-15.12.37:365][  0]LogConfig: Setting CVar [[r.DOF.Recombine.Quality:1                ; cheap slight out of focus]]
[2022.05.10-15.12.37:365][  0]LogConfig: Setting CVar [[r.DOF.Recombine.EnableBokehSettings:0    ; no bokeh simulation on slight out of focus]]
[2022.05.10-15.12.37:365][  0]LogConfig: Setting CVar [[r.DOF.TemporalAAQuality:1                ; more stable temporal accumulation]]
[2022.05.10-15.12.37:365][  0]LogConfig: Setting CVar [[r.DOF.Kernel.MaxForegroundRadius:0.025]]
[2022.05.10-15.12.37:365][  0]LogConfig: Setting CVar [[r.DOF.Kernel.MaxBackgroundRadius:0.025]]
[2022.05.10-15.12.37:365][  0]LogConfig: Applying CVar settings from Section [TextureQuality@3] File [D:/Ball_Runner/Ball_Runner/Saved/Config/Windows/Scalability.ini]
[2022.05.10-15.12.37:365][  0]LogConfig: Setting CVar [[r.Streaming.MipBias:0]]
[2022.05.10-15.12.37:365][  0]LogConfig: Setting CVar [[r.Streaming.AmortizeCPUToGPUCopy:0]]
[2022.05.10-15.12.37:365][  0]LogConfig: Setting CVar [[r.Streaming.MaxNumTexturesToStreamPerFrame:0]]
[2022.05.10-15.12.37:365][  0]LogConfig: Setting CVar [[r.Streaming.Boost:1]]
[2022.05.10-15.12.37:365][  0]LogConfig: Setting CVar [[r.MaxAnisotropy:8]]
[2022.05.10-15.12.37:365][  0]LogConfig: Setting CVar [[r.VT.MaxAnisotropy:8]]
[2022.05.10-15.12.37:365][  0]LogConfig: Setting CVar [[r.Streaming.LimitPoolSizeToVRAM:0]]
[2022.05.10-15.12.37:365][  0]LogConfig: Setting CVar [[r.Streaming.PoolSize:1000]]
[2022.05.10-15.12.37:365][  0]LogConfig: Setting CVar [[r.Streaming.MaxEffectiveScreenSize:0]]
[2022.05.10-15.12.37:365][  0]LogConfig: Applying CVar settings from Section [EffectsQuality@3] File [D:/Ball_Runner/Ball_Runner/Saved/Config/Windows/Scalability.ini]
[2022.05.10-15.12.37:365][  0]LogConfig: Setting CVar [[r.TranslucencyLightingVolumeDim:64]]
[2022.05.10-15.12.37:365][  0]LogConfig: Setting CVar [[r.RefractionQuality:2]]
[2022.05.10-15.12.37:365][  0]LogConfig: Setting CVar [[r.SSR.Quality:3]]
[2022.05.10-15.12.37:365][  0]LogConfig: Setting CVar [[r.SSR.HalfResSceneColor:0]]
[2022.05.10-15.12.37:365][  0]LogConfig: Setting CVar [[r.SceneColorFormat:4]]
[2022.05.10-15.12.37:365][  0]LogConfig: Setting CVar [[r.DetailMode:2]]
[2022.05.10-15.12.37:365][  0]LogConfig: Setting CVar [[r.TranslucencyVolumeBlur:1]]
[2022.05.10-15.12.37:365][  0]LogConfig: Setting CVar [[r.MaterialQualityLevel:1 ; High quality]]
[2022.05.10-15.12.37:365][  0]LogConfig: Setting CVar [[r.AnisotropicMaterials:1]]
[2022.05.10-15.12.37:365][  0]LogConfig: Setting CVar [[r.SSS.Scale:1]]
[2022.05.10-15.12.37:365][  0]LogConfig: Setting CVar [[r.SSS.SampleSet:2]]
[2022.05.10-15.12.37:365][  0]LogConfig: Setting CVar [[r.SSS.Quality:1]]
[2022.05.10-15.12.37:365][  0]LogConfig: Setting CVar [[r.SSS.HalfRes:0]]
[2022.05.10-15.12.37:365][  0]LogConfig: Setting CVar [[r.SSGI.Quality:3]]
[2022.05.10-15.12.37:365][  0]LogConfig: Setting CVar [[r.EmitterSpawnRateScale:1.0]]
[2022.05.10-15.12.37:365][  0]LogConfig: Setting CVar [[r.ParticleLightQuality:2]]
[2022.05.10-15.12.37:365][  0]LogConfig: Setting CVar [[r.SkyAtmosphere.AerialPerspectiveLUT.FastApplyOnOpaque:1 ; Always have FastSkyLUT 1 in this case to avoid wrong sky]]
[2022.05.10-15.12.37:365][  0]LogConfig: Setting CVar [[r.SkyAtmosphere.AerialPerspectiveLUT.SampleCountMaxPerSlice:4]]
[2022.05.10-15.12.37:365][  0]LogConfig: Setting CVar [[r.SkyAtmosphere.AerialPerspectiveLUT.DepthResolution:16.0]]
[2022.05.10-15.12.37:365][  0]LogConfig: Setting CVar [[r.SkyAtmosphere.FastSkyLUT:1]]
[2022.05.10-15.12.37:365][  0]LogConfig: Setting CVar [[r.SkyAtmosphere.FastSkyLUT.SampleCountMin:4.0]]
[2022.05.10-15.12.37:365][  0]LogConfig: Setting CVar [[r.SkyAtmosphere.FastSkyLUT.SampleCountMax:128.0]]
[2022.05.10-15.12.37:365][  0]LogConfig: Setting CVar [[r.SkyAtmosphere.SampleCountMin:4.0]]
[2022.05.10-15.12.37:365][  0]LogConfig: Setting CVar [[r.SkyAtmosphere.SampleCountMax:128.0]]
[2022.05.10-15.12.37:365][  0]LogConfig: Setting CVar [[r.SkyAtmosphere.TransmittanceLUT.UseSmallFormat:0]]
[2022.05.10-15.12.37:365][  0]LogConfig: Setting CVar [[r.SkyAtmosphere.TransmittanceLUT.SampleCount:10.0]]
[2022.05.10-15.12.37:365][  0]LogConfig: Setting CVar [[r.SkyAtmosphere.MultiScatteringLUT.SampleCount:15.0]]
[2022.05.10-15.12.37:365][  0]LogConfig: Setting CVar [[r.SkyLight.RealTimeReflectionCapture:1]]
[2022.05.10-15.12.37:365][  0]LogConfig: Applying CVar settings from Section [FoliageQuality@3] File [D:/Ball_Runner/Ball_Runner/Saved/Config/Windows/Scalability.ini]
[2022.05.10-15.12.37:365][  0]LogConfig: Setting CVar [[foliage.DensityScale:1.0]]
[2022.05.10-15.12.37:365][  0]LogConfig: Setting CVar [[grass.DensityScale:1.0]]
[2022.05.10-15.12.37:365][  0]LogConfig: Applying CVar settings from Section [ShadingQuality@3] File [D:/Ball_Runner/Ball_Runner/Saved/Config/Windows/Scalability.ini]
[2022.05.10-15.12.37:365][  0]LogConfig: Setting CVar [[r.HairStrands.SkyLighting.IntegrationType:2]]
[2022.05.10-15.12.37:365][  0]LogConfig: Setting CVar [[r.HairStrands.SkyAO.SampleCount:4]]
[2022.05.10-15.12.37:366][  0]LogConfig: Setting CVar [[r.HairStrands.Visibility.MSAA.SamplePerPixel:4]]
[2022.05.10-15.12.37:366][  0]LogInit: Selected Device Profile: [Windows]
[2022.05.10-15.12.37:366][  0]LogInit: Applying CVar settings loaded from the selected device profile: [Windows]
[2022.05.10-15.12.37:366][  0]LogHAL: Display: Platform has ~ 16 GB [17108090880 / 17179869184 / 16], which maps to Larger [LargestMinGB=32, LargerMinGB=12, DefaultMinGB=8, SmallerMinGB=6, SmallestMinGB=0)
[2022.05.10-15.12.37:366][  0]LogInit: Going up to parent DeviceProfile []
[2022.05.10-15.12.37:366][  0]LogConfig: Applying CVar settings from Section [ViewDistanceQuality@3] File [D:/Ball_Runner/Ball_Runner/Saved/Config/Windows/Scalability.ini]
[2022.05.10-15.12.37:366][  0]LogConfig: Setting CVar [[r.SkeletalMeshLODBias:0]]
[2022.05.10-15.12.37:366][  0]LogConfig: Setting CVar [[r.ViewDistanceScale:1.0]]
[2022.05.10-15.12.37:366][  0]LogConfig: Applying CVar settings from Section [AntiAliasingQuality@3] File [D:/Ball_Runner/Ball_Runner/Saved/Config/Windows/Scalability.ini]
[2022.05.10-15.12.37:366][  0]LogConfig: Setting CVar [[r.PostProcessAAQuality:4]]
[2022.05.10-15.12.37:366][  0]LogConfig: Applying CVar settings from Section [ShadowQuality@3] File [D:/Ball_Runner/Ball_Runner/Saved/Config/Windows/Scalability.ini]
[2022.05.10-15.12.37:366][  0]LogConfig: Setting CVar [[r.LightFunctionQuality:1]]
[2022.05.10-15.12.37:366][  0]LogConfig: Setting CVar [[r.ShadowQuality:5]]
[2022.05.10-15.12.37:366][  0]LogConfig: Setting CVar [[r.Shadow.CSM.MaxCascades:10]]
[2022.05.10-15.12.37:366][  0]LogConfig: Setting CVar [[r.Shadow.MaxResolution:2048]]
[2022.05.10-15.12.37:366][  0]LogConfig: Setting CVar [[r.Shadow.MaxCSMResolution:2048]]
[2022.05.10-15.12.37:366][  0]LogConfig: Setting CVar [[r.Shadow.RadiusThreshold:0.01]]
[2022.05.10-15.12.37:366][  0]LogConfig: Setting CVar [[r.Shadow.DistanceScale:1.0]]
[2022.05.10-15.12.37:366][  0]LogConfig: Setting CVar [[r.Shadow.CSM.TransitionScale:1.0]]
[2022.05.10-15.12.37:366][  0]LogConfig: Setting CVar [[r.Shadow.PreShadowResolutionFactor:1.0]]
[2022.05.10-15.12.37:366][  0]LogConfig: Setting CVar [[r.DistanceFieldShadowing:1]]
[2022.05.10-15.12.37:366][  0]LogConfig: Setting CVar [[r.DistanceFieldAO:1]]
[2022.05.10-15.12.37:366][  0]LogConfig: Setting CVar [[r.AOQuality:2]]
[2022.05.10-15.12.37:366][  0]LogConfig: Setting CVar [[r.VolumetricFog:1]]
[2022.05.10-15.12.37:366][  0]LogConfig: Setting CVar [[r.VolumetricFog.GridPixelSize:8]]
[2022.05.10-15.12.37:366][  0]LogConfig: Setting CVar [[r.VolumetricFog.GridSizeZ:128]]
[2022.05.10-15.12.37:366][  0]LogConfig: Setting CVar [[r.VolumetricFog.HistoryMissSupersampleCount:4]]
[2022.05.10-15.12.37:366][  0]LogConfig: Setting CVar [[r.LightMaxDrawDistanceScale:1]]
[2022.05.10-15.12.37:366][  0]LogConfig: Setting CVar [[r.CapsuleShadows:1]]
[2022.05.10-15.12.37:366][  0]LogConfig: Applying CVar settings from Section [PostProcessQuality@3] File [D:/Ball_Runner/Ball_Runner/Saved/Config/Windows/Scalability.ini]
[2022.05.10-15.12.37:366][  0]LogConfig: Setting CVar [[r.MotionBlurQuality:4]]
[2022.05.10-15.12.37:366][  0]LogConfig: Setting CVar [[r.AmbientOcclusionMipLevelFactor:0.4]]
[2022.05.10-15.12.37:366][  0]LogConfig: Setting CVar [[r.AmbientOcclusionMaxQuality:100]]
[2022.05.10-15.12.37:366][  0]LogConfig: Setting CVar [[r.AmbientOcclusionLevels:-1]]
[2022.05.10-15.12.37:366][  0]LogConfig: Setting CVar [[r.AmbientOcclusionRadiusScale:1.0]]
[2022.05.10-15.12.37:366][  0]LogConfig: Setting CVar [[r.DepthOfFieldQuality:2]]
[2022.05.10-15.12.37:366][  0]LogConfig: Setting CVar [[r.RenderTargetPoolMin:400]]
[2022.05.10-15.12.37:366][  0]LogConfig: Setting CVar [[r.LensFlareQuality:2]]
[2022.05.10-15.12.37:366][  0]LogConfig: Setting CVar [[r.SceneColorFringeQuality:1]]
[2022.05.10-15.12.37:366][  0]LogConfig: Setting CVar [[r.EyeAdaptationQuality:2]]
[2022.05.10-15.12.37:366][  0]LogConfig: Setting CVar [[r.BloomQuality:5]]
[2022.05.10-15.12.37:366][  0]LogConfig: Setting CVar [[r.FastBlurThreshold:100]]
[2022.05.10-15.12.37:366][  0]LogConfig: Setting CVar [[r.Upscale.Quality:3]]
[2022.05.10-15.12.37:366][  0]LogConfig: Setting CVar [[r.Tonemapper.GrainQuantization:1]]
[2022.05.10-15.12.37:366][  0]LogConfig: Setting CVar [[r.LightShaftQuality:1]]
[2022.05.10-15.12.37:366][  0]LogConfig: Setting CVar [[r.Filter.SizeScale:1]]
[2022.05.10-15.12.37:366][  0]LogConfig: Setting CVar [[r.Tonemapper.Quality:5]]
[2022.05.10-15.12.37:366][  0]LogConfig: Setting CVar [[r.DOF.Gather.AccumulatorQuality:1        ; higher gathering accumulator quality]]
[2022.05.10-15.12.37:366][  0]LogConfig: Setting CVar [[r.DOF.Gather.PostfilterMethod:1          ; Median3x3 postfilering method]]
[2022.05.10-15.12.37:366][  0]LogConfig: Setting CVar [[r.DOF.Gather.EnableBokehSettings:0       ; no bokeh simulation when gathering]]
[2022.05.10-15.12.37:366][  0]LogConfig: Setting CVar [[r.DOF.Gather.RingCount:4                 ; medium number of samples when gathering]]
[2022.05.10-15.12.37:366][  0]LogConfig: Setting CVar [[r.DOF.Scatter.ForegroundCompositing:1    ; additive foreground scattering]]
[2022.05.10-15.12.37:366][  0]LogConfig: Setting CVar [[r.DOF.Scatter.BackgroundCompositing:2    ; additive background scattering]]
[2022.05.10-15.12.37:366][  0]LogConfig: Setting CVar [[r.DOF.Scatter.EnableBokehSettings:1      ; bokeh simulation when scattering]]
[2022.05.10-15.12.37:366][  0]LogConfig: Setting CVar [[r.DOF.Scatter.MaxSpriteRatio:0.1         ; only a maximum of 10% of scattered bokeh]]
[2022.05.10-15.12.37:366][  0]LogConfig: Setting CVar [[r.DOF.Recombine.Quality:1                ; cheap slight out of focus]]
[2022.05.10-15.12.37:366][  0]LogConfig: Setting CVar [[r.DOF.Recombine.EnableBokehSettings:0    ; no bokeh simulation on slight out of focus]]
[2022.05.10-15.12.37:366][  0]LogConfig: Setting CVar [[r.DOF.TemporalAAQuality:1                ; more stable temporal accumulation]]
[2022.05.10-15.12.37:366][  0]LogConfig: Setting CVar [[r.DOF.Kernel.MaxForegroundRadius:0.025]]
[2022.05.10-15.12.37:366][  0]LogConfig: Setting CVar [[r.DOF.Kernel.MaxBackgroundRadius:0.025]]
[2022.05.10-15.12.37:366][  0]LogConfig: Applying CVar settings from Section [TextureQuality@3] File [D:/Ball_Runner/Ball_Runner/Saved/Config/Windows/Scalability.ini]
[2022.05.10-15.12.37:366][  0]LogConfig: Setting CVar [[r.Streaming.MipBias:0]]
[2022.05.10-15.12.37:366][  0]LogConfig: Setting CVar [[r.Streaming.AmortizeCPUToGPUCopy:0]]
[2022.05.10-15.12.37:366][  0]LogConfig: Setting CVar [[r.Streaming.MaxNumTexturesToStreamPerFrame:0]]
[2022.05.10-15.12.37:366][  0]LogConfig: Setting CVar [[r.Streaming.Boost:1]]
[2022.05.10-15.12.37:366][  0]LogConfig: Setting CVar [[r.MaxAnisotropy:8]]
[2022.05.10-15.12.37:366][  0]LogConfig: Setting CVar [[r.VT.MaxAnisotropy:8]]
[2022.05.10-15.12.37:366][  0]LogConfig: Setting CVar [[r.Streaming.LimitPoolSizeToVRAM:0]]
[2022.05.10-15.12.37:366][  0]LogConfig: Setting CVar [[r.Streaming.PoolSize:1000]]
[2022.05.10-15.12.37:366][  0]LogConfig: Setting CVar [[r.Streaming.MaxEffectiveScreenSize:0]]
[2022.05.10-15.12.37:366][  0]LogConfig: Applying CVar settings from Section [EffectsQuality@3] File [D:/Ball_Runner/Ball_Runner/Saved/Config/Windows/Scalability.ini]
[2022.05.10-15.12.37:366][  0]LogConfig: Setting CVar [[r.TranslucencyLightingVolumeDim:64]]
[2022.05.10-15.12.37:366][  0]LogConfig: Setting CVar [[r.RefractionQuality:2]]
[2022.05.10-15.12.37:366][  0]LogConfig: Setting CVar [[r.SSR.Quality:3]]
[2022.05.10-15.12.37:366][  0]LogConfig: Setting CVar [[r.SSR.HalfResSceneColor:0]]
[2022.05.10-15.12.37:366][  0]LogConfig: Setting CVar [[r.SceneColorFormat:4]]
[2022.05.10-15.12.37:366][  0]LogConfig: Setting CVar [[r.DetailMode:2]]
[2022.05.10-15.12.37:366][  0]LogConfig: Setting CVar [[r.TranslucencyVolumeBlur:1]]
[2022.05.10-15.12.37:366][  0]LogConfig: Setting CVar [[r.MaterialQualityLevel:1 ; High quality]]
[2022.05.10-15.12.37:366][  0]LogConfig: Setting CVar [[r.AnisotropicMaterials:1]]
[2022.05.10-15.12.37:366][  0]LogConfig: Setting CVar [[r.SSS.Scale:1]]
[2022.05.10-15.12.37:366][  0]LogConfig: Setting CVar [[r.SSS.SampleSet:2]]
[2022.05.10-15.12.37:366][  0]LogConfig: Setting CVar [[r.SSS.Quality:1]]
[2022.05.10-15.12.37:366][  0]LogConfig: Setting CVar [[r.SSS.HalfRes:0]]
[2022.05.10-15.12.37:366][  0]LogConfig: Setting CVar [[r.SSGI.Quality:3]]
[2022.05.10-15.12.37:366][  0]LogConfig: Setting CVar [[r.EmitterSpawnRateScale:1.0]]
[2022.05.10-15.12.37:366][  0]LogConfig: Setting CVar [[r.ParticleLightQuality:2]]
[2022.05.10-15.12.37:366][  0]LogConfig: Setting CVar [[r.SkyAtmosphere.AerialPerspectiveLUT.FastApplyOnOpaque:1 ; Always have FastSkyLUT 1 in this case to avoid wrong sky]]
[2022.05.10-15.12.37:366][  0]LogConfig: Setting CVar [[r.SkyAtmosphere.AerialPerspectiveLUT.SampleCountMaxPerSlice:4]]
[2022.05.10-15.12.37:366][  0]LogConfig: Setting CVar [[r.SkyAtmosphere.AerialPerspectiveLUT.DepthResolution:16.0]]
[2022.05.10-15.12.37:366][  0]LogConfig: Setting CVar [[r.SkyAtmosphere.FastSkyLUT:1]]
[2022.05.10-15.12.37:366][  0]LogConfig: Setting CVar [[r.SkyAtmosphere.FastSkyLUT.SampleCountMin:4.0]]
[2022.05.10-15.12.37:366][  0]LogConfig: Setting CVar [[r.SkyAtmosphere.FastSkyLUT.SampleCountMax:128.0]]
[2022.05.10-15.12.37:366][  0]LogConfig: Setting CVar [[r.SkyAtmosphere.SampleCountMin:4.0]]
[2022.05.10-15.12.37:366][  0]LogConfig: Setting CVar [[r.SkyAtmosphere.SampleCountMax:128.0]]
[2022.05.10-15.12.37:366][  0]LogConfig: Setting CVar [[r.SkyAtmosphere.TransmittanceLUT.UseSmallFormat:0]]
[2022.05.10-15.12.37:366][  0]LogConfig: Setting CVar [[r.SkyAtmosphere.TransmittanceLUT.SampleCount:10.0]]
[2022.05.10-15.12.37:367][  0]LogConfig: Setting CVar [[r.SkyAtmosphere.MultiScatteringLUT.SampleCount:15.0]]
[2022.05.10-15.12.37:367][  0]LogConfig: Setting CVar [[r.SkyLight.RealTimeReflectionCapture:1]]
[2022.05.10-15.12.37:367][  0]LogConfig: Applying CVar settings from Section [FoliageQuality@3] File [D:/Ball_Runner/Ball_Runner/Saved/Config/Windows/Scalability.ini]
[2022.05.10-15.12.37:367][  0]LogConfig: Setting CVar [[foliage.DensityScale:1.0]]
[2022.05.10-15.12.37:367][  0]LogConfig: Setting CVar [[grass.DensityScale:1.0]]
[2022.05.10-15.12.37:367][  0]LogConfig: Applying CVar settings from Section [ShadingQuality@3] File [D:/Ball_Runner/Ball_Runner/Saved/Config/Windows/Scalability.ini]
[2022.05.10-15.12.37:367][  0]LogConfig: Setting CVar [[r.HairStrands.SkyLighting.IntegrationType:2]]
[2022.05.10-15.12.37:367][  0]LogConfig: Setting CVar [[r.HairStrands.SkyAO.SampleCount:4]]
[2022.05.10-15.12.37:367][  0]LogConfig: Setting CVar [[r.HairStrands.Visibility.MSAA.SamplePerPixel:4]]
[2022.05.10-15.12.37:367][  0]LogConfig: Applying CVar settings from Section [Startup] File [../../../Engine/Config/ConsoleVariables.ini]
[2022.05.10-15.12.37:367][  0]LogConfig: Setting CVar [[net.UseAdaptiveNetUpdateFrequency:0]]
[2022.05.10-15.12.37:367][  0]LogConfig: Setting CVar [[p.chaos.AllowCreatePhysxBodies:1]]
[2022.05.10-15.12.37:367][  0]LogConfig: Setting CVar [[fx.SkipVectorVMBackendOptimizations:1]]
[2022.05.10-15.12.37:367][  0]LogConfig: Applying CVar settings from Section [ConsoleVariables] File [D:/Ball_Runner/Ball_Runner/Saved/Config/Windows/Engine.ini]
[2022.05.10-15.12.37:367][  0]LogConfig: Applying CVar settings from Section [ConsoleVariables] File [D:/Ball_Runner/Ball_Runner/Saved/Config/Windows/Editor.ini]
[2022.05.10-15.12.37:367][  0]LogInit: Computer: DESKTOP-LIP7PNL
[2022.05.10-15.12.37:367][  0]LogInit: User: Loriess
[2022.05.10-15.12.37:367][  0]LogInit: CPU Page size=4096, Cores=6
[2022.05.10-15.12.37:367][  0]LogInit: High frequency timer resolution =10.000000 MHz
[2022.05.10-15.12.37:367][  0]LogMemory: Memory total: Physical=15.9GB (16GB approx)
[2022.05.10-15.12.37:367][  0]LogMemory: Platform Memory Stats for Windows
[2022.05.10-15.12.37:367][  0]LogMemory: Process Physical Memory: 145.99 MB used, 146.00 MB peak
[2022.05.10-15.12.37:367][  0]LogMemory: Process Virtual Memory: 131.80 MB used, 131.80 MB peak
[2022.05.10-15.12.37:367][  0]LogMemory: Physical Memory: 7108.82 MB used,  9206.73 MB free, 16315.55 MB total
[2022.05.10-15.12.37:367][  0]LogMemory: Virtual Memory: 134208472.00 MB used,  9256.60 MB free, 134217728.00 MB total
[2022.05.10-15.12.37:371][  0]LogWindows: WindowsPlatformFeatures enabled
[2022.05.10-15.12.37:398][  0]LogInit: Physics initialised using underlying interface: PhysX
[2022.05.10-15.12.37:398][  0]LogInit: Using OS detected language (pl-PL).
[2022.05.10-15.12.37:398][  0]LogInit: Using OS detected locale (pl-PL).
[2022.05.10-15.12.37:400][  0]LogTextLocalizationManager: No specific localization for 'pl-PL' exists, so the 'pl' localization will be used.
[2022.05.10-15.12.37:400][  0]LogTextLocalizationResource: LocRes '../../../Engine/Content/Localization/Editor/pl/Editor.locres' could not be opened for reading!
[2022.05.10-15.12.37:401][  0]LogTextLocalizationResource: LocRes '../../../Engine/Content/Localization/EditorTutorials/pl/EditorTutorials.locres' could not be opened for reading!
[2022.05.10-15.12.37:401][  0]LogTextLocalizationResource: LocRes '../../../Engine/Content/Localization/Keywords/pl/Keywords.locres' could not be opened for reading!
[2022.05.10-15.12.37:401][  0]LogTextLocalizationResource: LocRes '../../../Engine/Content/Localization/Category/pl/Category.locres' could not be opened for reading!
[2022.05.10-15.12.37:401][  0]LogTextLocalizationResource: LocRes '../../../Engine/Content/Localization/ToolTips/pl/ToolTips.locres' could not be opened for reading!
[2022.05.10-15.12.37:401][  0]LogTextLocalizationResource: LocRes '../../../Engine/Content/Localization/PropertyNames/pl/PropertyNames.locres' could not be opened for reading!
[2022.05.10-15.12.37:401][  0]LogTextLocalizationResource: LocRes '../../../Engine/Content/Localization/Engine/pl/Engine.locres' could not be opened for reading!
[2022.05.10-15.12.37:401][  0]LogInit: Setting process to per monitor DPI aware
[2022.05.10-15.12.37:411][  0]LogWindowsTextInputMethodSystem: Display: IME system deactivated.
[2022.05.10-15.12.37:423][  0]LogSlate: New Slate User Created.  User Index 0, Is Virtual User: 0
[2022.05.10-15.12.37:423][  0]LogSlate: Slate User Registered.  User Index 0, Is Virtual User: 0
[2022.05.10-15.12.37:524][  0]LogD3D11RHI: Loaded GFSDK_Aftermath_Lib.x64.dll
[2022.05.10-15.12.37:526][  0]LogHMD: Failed to initialize OpenVR with code 110
[2022.05.10-15.12.37:526][  0]LogD3D11RHI: D3D11 min allowed feature level: 11_0
[2022.05.10-15.12.37:526][  0]LogD3D11RHI: D3D11 max allowed feature level: 11_0
[2022.05.10-15.12.37:526][  0]LogD3D11RHI: D3D11 adapters:
[2022.05.10-15.12.37:615][  0]LogD3D11RHI:    0. 'NVIDIA GeForce GTX 1660 SUPER' (Feature Level 11_0)
[2022.05.10-15.12.37:615][  0]LogD3D11RHI:       5991/0/8157 MB DedicatedVideo/DedicatedSystem/SharedSystem, Outputs:2, VendorId:0x10de
[2022.05.10-15.12.37:617][  0]LogD3D11RHI:    1. 'Microsoft Basic Render Driver' (Feature Level 11_0)
[2022.05.10-15.12.37:617][  0]LogD3D11RHI:       0/0/8157 MB DedicatedVideo/DedicatedSystem/SharedSystem, Outputs:0, VendorId:0x1414
[2022.05.10-15.12.37:617][  0]LogD3D11RHI: Chosen D3D11 Adapter:
[2022.05.10-15.12.37:617][  0]LogD3D11RHI:     Description : NVIDIA GeForce GTX 1660 SUPER
[2022.05.10-15.12.37:617][  0]LogD3D11RHI:     VendorId    : 10de
[2022.05.10-15.12.37:617][  0]LogD3D11RHI:     DeviceId    : 21c4
[2022.05.10-15.12.37:617][  0]LogD3D11RHI:     SubSysId    : c75a1462
[2022.05.10-15.12.37:617][  0]LogD3D11RHI:     Revision    : 00a1
[2022.05.10-15.12.37:617][  0]LogD3D11RHI:     DedicatedVideoMemory : 6282018816 bytes
[2022.05.10-15.12.37:617][  0]LogD3D11RHI:     DedicatedSystemMemory : 0 bytes
[2022.05.10-15.12.37:617][  0]LogD3D11RHI:     SharedSystemMemory : 8554045440 bytes
[2022.05.10-15.12.37:617][  0]LogD3D11RHI:     AdapterLuid : 0 49372
[2022.05.10-15.12.37:623][  0]LogD3D11RHI: Creating new Direct3DDevice
[2022.05.10-15.12.37:623][  0]LogD3D11RHI:     GPU DeviceId: 0x21c4 (for the marketing name, search the web for "GPU Device Id")
[2022.05.10-15.12.37:623][  0]LogWindows: EnumDisplayDevices:
[2022.05.10-15.12.37:623][  0]LogWindows:    0. 'NVIDIA GeForce GTX 1660 SUPER' (P:0 D:1)
[2022.05.10-15.12.37:623][  0]LogWindows:    1. 'NVIDIA GeForce GTX 1660 SUPER' (P:1 D:1)
[2022.05.10-15.12.37:623][  0]LogWindows:    2. 'NVIDIA GeForce GTX 1660 SUPER' (P:0 D:0)
[2022.05.10-15.12.37:623][  0]LogWindows:    3. 'NVIDIA GeForce GTX 1660 SUPER' (P:0 D:0)
[2022.05.10-15.12.37:624][  0]LogWindows: DebugString: FoundDriverCount:4 
[2022.05.10-15.12.37:624][  0]LogD3D11RHI:     Adapter Name: NVIDIA GeForce GTX 1660 SUPER
[2022.05.10-15.12.37:624][  0]LogD3D11RHI:   Driver Version: 457.51 (internal:27.21.14.5751, unified:457.51)
[2022.05.10-15.12.37:624][  0]LogD3D11RHI:      Driver Date: 11-22-2020
[2022.05.10-15.12.37:624][  0]LogRHI: Texture pool is 4193 MB (70% of 5991 MB)
[2022.05.10-15.12.37:624][  0]LogD3D11RHI: Creating D3DDevice using adapter:
[2022.05.10-15.12.37:624][  0]LogD3D11RHI:     Description : NVIDIA GeForce GTX 1660 SUPER
[2022.05.10-15.12.37:624][  0]LogD3D11RHI:     VendorId    : 10de
[2022.05.10-15.12.37:624][  0]LogD3D11RHI:     DeviceId    : 21c4
[2022.05.10-15.12.37:624][  0]LogD3D11RHI:     SubSysId    : c75a1462
[2022.05.10-15.12.37:624][  0]LogD3D11RHI:     Revision    : 00a1
[2022.05.10-15.12.37:624][  0]LogD3D11RHI:     DedicatedVideoMemory : 6282018816 bytes
[2022.05.10-15.12.37:624][  0]LogD3D11RHI:     DedicatedSystemMemory : 0 bytes
[2022.05.10-15.12.37:624][  0]LogD3D11RHI:     SharedSystemMemory : 8554045440 bytes
[2022.05.10-15.12.37:624][  0]LogD3D11RHI:     AdapterLuid : 0 49372
[2022.05.10-15.12.37:676][  0]LogD3D11RHI: RHI has support for 64 bit atomics
[2022.05.10-15.12.37:676][  0]LogD3D11RHI: Async texture creation enabled
[2022.05.10-15.12.37:676][  0]LogD3D11RHI: Array index from any shader is supported
[2022.05.10-15.12.37:701][  0]LogD3D11RHI: GPU Timing Frequency: 1000.000000 (Debug: 2 2)
[2022.05.10-15.12.37:722][  0]LogRHI: GeForceNow SDK initialized: 1
[2022.05.10-15.12.37:960][  0]LogTargetPlatformManager: Display: Loaded TargetPlatform 'AllDesktop'
[2022.05.10-15.12.37:979][  0]LogTargetPlatformManager: Display: Loaded TargetPlatform 'Android'
[2022.05.10-15.12.37:979][  0]LogTargetPlatformManager: Display: Loaded TargetPlatform 'Android_ASTC'
[2022.05.10-15.12.37:979][  0]LogTargetPlatformManager: Display: Loaded TargetPlatform 'Android_DXT'
[2022.05.10-15.12.37:979][  0]LogTargetPlatformManager: Display: Loaded TargetPlatform 'Android_ETC2'
[2022.05.10-15.12.37:979][  0]LogTargetPlatformManager: Display: Loaded TargetPlatform 'AndroidClient'
[2022.05.10-15.12.37:979][  0]LogTargetPlatformManager: Display: Loaded TargetPlatform 'Android_ASTCClient'
[2022.05.10-15.12.37:979][  0]LogTargetPlatformManager: Display: Loaded TargetPlatform 'Android_DXTClient'
[2022.05.10-15.12.37:979][  0]LogTargetPlatformManager: Display: Loaded TargetPlatform 'Android_ETC2Client'
[2022.05.10-15.12.37:979][  0]LogTargetPlatformManager: Display: Loaded TargetPlatform 'Android_Multi'
[2022.05.10-15.12.37:979][  0]LogTargetPlatformManager: Display: Loaded TargetPlatform 'Android_MultiClient'
[2022.05.10-15.12.37:995][  0]LogTargetPlatformManager: Display: Loaded TargetPlatform 'IOSClient'
[2022.05.10-15.12.37:995][  0]LogTargetPlatformManager: Display: Loaded TargetPlatform 'IOS'
[2022.05.10-15.12.38:003][  0]LogTargetPlatformManager: Display: Loaded TargetPlatform 'Linux'
[2022.05.10-15.12.38:007][  0]LogTargetPlatformManager: Display: Loaded TargetPlatform 'LinuxNoEditor'
[2022.05.10-15.12.38:011][  0]LogTargetPlatformManager: Display: Loaded TargetPlatform 'LinuxClient'
[2022.05.10-15.12.38:014][  0]LogTargetPlatformManager: Display: Loaded TargetPlatform 'LinuxServer'
[2022.05.10-15.12.38:022][  0]LogTargetPlatformManager: Display: Loaded TargetPlatform 'LinuxAArch64NoEditor'
[2022.05.10-15.12.38:026][  0]LogTargetPlatformManager: Display: Loaded TargetPlatform 'LinuxAArch64Client'
[2022.05.10-15.12.38:030][  0]LogTargetPlatformManager: Display: Loaded TargetPlatform 'LinuxAArch64Server'
[2022.05.10-15.12.38:050][  0]LogTargetPlatformManager: Display: Loaded TargetPlatform 'Lumin'
[2022.05.10-15.12.38:050][  0]LogTargetPlatformManager: Display: Loaded TargetPlatform 'LuminClient'
[2022.05.10-15.12.38:057][  0]LogTargetPlatformManager: Display: Loaded TargetPlatform 'MacNoEditor'
[2022.05.10-15.12.38:060][  0]LogTargetPlatformManager: Display: Loaded TargetPlatform 'Mac'
[2022.05.10-15.12.38:063][  0]LogTargetPlatformManager: Display: Loaded TargetPlatform 'MacClient'
[2022.05.10-15.12.38:067][  0]LogTargetPlatformManager: Display: Loaded TargetPlatform 'MacServer'
[2022.05.10-15.12.38:074][  0]LogTargetPlatformManager: Display: Loaded TargetPlatform 'TVOSClient'
[2022.05.10-15.12.38:075][  0]LogTargetPlatformManager: Display: Loaded TargetPlatform 'TVOS'
[2022.05.10-15.12.38:081][  0]LogTargetPlatformManager: Display: Loaded TargetPlatform 'WindowsNoEditor'
[2022.05.10-15.12.38:085][  0]LogTargetPlatformManager: Display: Loaded TargetPlatform 'Windows'
[2022.05.10-15.12.38:088][  0]LogTargetPlatformManager: Display: Loaded TargetPlatform 'WindowsClient'
[2022.05.10-15.12.38:092][  0]LogTargetPlatformManager: Display: Loaded TargetPlatform 'WindowsServer'
[2022.05.10-15.12.38:092][  0]LogTargetPlatformManager: Display: Building Assets For Windows
[2022.05.10-15.12.38:097][  0]LogAudioDebug: Display: Lib vorbis DLL was dynamically loaded.
[2022.05.10-15.12.38:117][  0]LogTextureFormatOodle: Display: Oodle Texture 2.9.0 init RDO Off
[2022.05.10-15.12.38:142][  0]LogRendererCore: Ray tracing is disabled. Reason: r.RayTracing=0.
[2022.05.10-15.12.38:142][  0]LogShaderCompilers: Guid format shader working directory is 12 characters bigger than the processId version (../../../../Ball_Runner/Ball_Runner/Intermediate/Shaders/WorkingDirectory/18716/).
[2022.05.10-15.12.38:142][  0]LogShaderCompilers: Cleaned the shader compiler working directory 'C:/Users/Loriess/AppData/Local/Temp/UnrealShaderWorkingDir/68AACBF645A024A49BE7118F1CE2CB29/'.
[2022.05.10-15.12.38:142][  0]LogXGEController: Cannot use XGE Controller as Incredibuild is not installed on this machine.
[2022.05.10-15.12.38:142][  0]LogShaderCompilers: Cannot use XGE Shader Compiler as Incredibuild is not installed on this machine.
[2022.05.10-15.12.38:142][  0]LogShaderCompilers: Display: Using Local Shader Compiler.
[2022.05.10-15.12.38:761][  0]LogDerivedDataCache: Display: Max Cache Size: 512 MB
[2022.05.10-15.12.38:802][  0]LogDerivedDataCache: Loaded boot cache 0.04s 94MB C:/Users/Loriess/AppData/Local/UnrealEngine/4.27/DerivedDataCache/Boot.ddc.
[2022.05.10-15.12.38:803][  0]LogDerivedDataCache: Display: Loaded Boot cache: C:/Users/Loriess/AppData/Local/UnrealEngine/4.27/DerivedDataCache/Boot.ddc
[2022.05.10-15.12.38:803][  0]LogDerivedDataCache: FDerivedDataBackendGraph:  Pak pak cache file ../../../../Ball_Runner/Ball_Runner/DerivedDataCache/DDC.ddp not found, will not use a pak cache.
[2022.05.10-15.12.38:803][  0]LogDerivedDataCache: Unable to find inner node Pak for hierarchical cache Hierarchy.
[2022.05.10-15.12.38:803][  0]LogDerivedDataCache: FDerivedDataBackendGraph:  CompressedPak pak cache file ../../../../Ball_Runner/Ball_Runner/DerivedDataCache/Compressed.ddp not found, will not use a pak cache.
[2022.05.10-15.12.38:803][  0]LogDerivedDataCache: Unable to find inner node CompressedPak for hierarchical cache Hierarchy.
[2022.05.10-15.12.38:818][  0]LogDerivedDataCache: Display: Pak cache opened for reading ../../../Engine/DerivedDataCache/Compressed.ddp.
[2022.05.10-15.12.38:818][  0]LogDerivedDataCache: FDerivedDataBackendGraph:  EnterprisePak pak cache file ../../../Enterprise/DerivedDataCache/Compressed.ddp not found, will not use a pak cache.
[2022.05.10-15.12.38:818][  0]LogDerivedDataCache: Unable to find inner node EnterprisePak for hierarchical cache Hierarchy.
[2022.05.10-15.12.38:824][  0]LogDerivedDataCache: Speed tests for C:/Users/Loriess/AppData/Local/UnrealEngine/Common/DerivedDataCache took 0.01 seconds
[2022.05.10-15.12.38:824][  0]LogDerivedDataCache: Display: Performance to C:/Users/Loriess/AppData/Local/UnrealEngine/Common/DerivedDataCache: Latency=0.03ms. RandomReadSpeed=1664.02MBs, RandomWriteSpeed=189.06MBs. Assigned SpeedClass 'Local'
[2022.05.10-15.12.38:824][  0]LogDerivedDataCache: Using Local data cache path C:/Users/Loriess/AppData/Local/UnrealEngine/Common/DerivedDataCache: Writable
[2022.05.10-15.12.38:824][  0]LogDerivedDataCache: Shared data cache path not found in *engine.ini, will not use an Shared cache.
[2022.05.10-15.12.38:825][  0]LogDerivedDataCache: Unable to find inner node Shared for hierarchical cache Hierarchy.
[2022.05.10-15.12.38:865][  0]LogSlate: Using FreeType 2.10.0
[2022.05.10-15.12.38:866][  0]LogSlate: SlateFontServices - WITH_FREETYPE: 1, WITH_HARFBUZZ: 1
[2022.05.10-15.12.38:882][  0]LogAssetRegistry: FAssetRegistry took 0.0022 seconds to start up
[2022.05.10-15.12.39:086][  0]LogInit: Selected Device Profile: [Windows]
[2022.05.10-15.12.39:087][  0]LogInit: Active device profile: [000002DBD2A5CF00][000002DBC4A35880 49] Windows
[2022.05.10-15.12.39:087][  0]LogInit: Profiles: [000002DBD2A5CF00][000002DBC4A35880 49] Windows, [000002DBD2A3AA00][000002DBCDC37A00 49] WindowsNoEditor, [000002DBD2A5DF00][000002DBCDC3BB80 49] WindowsServer, [000002DBD2A39B00][000002DBCDC3E180 49] WindowsClient, [000002DBD2A5D200][000002DBCDC42300 49] IOS, [000002DBD2A39800][000002DBCFF26440 49] iPadAir, [000002DBD2A5F300][000002DBCDC46580 49] iPadAir2, [000002DBD29D1300][000002DBCDC4A7C0 49] IPadPro, [000002DBD29D1400][000002DBC4118800 49] iPadAir3, [000002DBD2A38B00][000002DBC4882980 49] iPadAir4, [000002DBD29D2100][000002DBC4886B00 49] iPadMini2, [000002DBD2A3BA00][000002DBC488EC80 49] iPadMini3, [000002DBD29D2C00][000002DBC4892E00 49] iPadMini4, [000002DBD2A3AC00][000002DBC4896F80 49] iPadMini5, [000002DBD29D8E00][000002DBC489B240 49] iPhone6, [000002DBD29D8F00][000002DBD079D280 49] iPodTouch6, [000002DBD2A5F700][000002DBD07BD540 49] iPhone7, [000002DBD2A5E800][000002DBC489F580 49] iPodTouch7, [000002DBD29D1100][000002DBD08DB700 49] iPhone5S, [000002DBD2A5D100][000002DBD08DF880 49] iPhone6Plus, [000002DBD29D2A00][000002DBD08F1A00 49] iPhone6S, [000002DBD2A5DA00][000002DBD08F5B80 49] iPhone6SPlus, [000002DBD29D8100][000002DBD08F8180 49] iPhone7Plus, [000002DBD29D1D00][000002DBD08FC300 49] iPhoneSE, [000002DBD29D8C00][000002DBD0900480 49] iPhone8, [000002DBD29D0400][000002DBCDC4E5C0 49] iPhone8Plus, [000002DBD29DAA00][000002DBD0A88700 49] iPhoneX, [000002DBD29D3C00][000002DBCDBDC840 49] iPhoneXS, [000002DBD29DA900][000002DBCDBE0980 49] iPhoneXSMax, [000002DBD29D0B00][000002DBCDBE8B00 49] iPhoneXR, [000002DBD2A5F800][000002DBCDC00C80 49] iPhone11, [000002DBD29D3D00][000002DBCDC0CE00 49] iPhone11Pro, [000002DBD2A5DB00][000002DBCDC10F80 49] iPhone11ProMax, [000002DBD29D1500][000002DBD006F100 49] iPhoneSE2, [000002DBD2A5DE00][000002DBD0073280 49] iPhone12Mini, [000002DBD29D3100][000002DBD00B5400 49] iPhone12, [000002DBD2A5F400][000002DBC4815580 49] iPhone12Pro, [000002DBD29D0D00][000002DBC4849700 49] iPhone12ProMax, [000002DBD2A5FC00][000002DBC484D880 49] iPadPro105, [000002DBD29D3700][000002DBC4851A00 49] iPadPro129, [000002DBD2A5EA00][000002DBC4855B80 49] iPadPro97, [000002DBD29D0900][000002DBCDC20180 49] iPadPro2_129, [000002DBD2A5C800][000002DBCDC24300 49] iPad5, [000002DBD29D1000][000002DBCDC28480 49] iPad6, [000002DBD2A5C400][000002DBCDC2C600 49] iPad7, [000002DBD29D2B00][000002DBCDBE4740 49] iPad8, [000002DBD2A5F500][000002DBCDC30880 49] iPadPro11, [000002DBD29D1800][000002DBC486E9C0 49] iPadPro2_11, [000002DBD2A5C900][000002DBC4872B00 49] iPadPro3_129, [000002DBD29D2800][000002DBC487AC80 49] iPadPro4_129, [000002DBD2A5EE00][000002DBC488AE00 49] AppleTV, [000002DBD29D3E00][000002DBCFF16F80 49] AppleTV4K, [000002DBD2A5C500][000002DBCFF1B100 49] TVOS, [000002DBD29D1700][000002DBD0077280 49] Mac, [000002DBD2A5E300][000002DBC4845400 49] MacClient, [000002DBD29D0800][000002DBC487F580 49] MacNoEditor, [000002DBD2A5D000][000002DBCDBBD700 49] MacServer, [000002DBD29D0500][000002DBCDBC1880 49] Linux, [000002DBD2A5EB00][000002DBCDBC5A00 49] LinuxAArch64, [000002DBD29D1600][000002DBCDBC9B80 49] LinuxNoEditor, [000002DBD2A5E100][000002DBCDBCC180 49] LinuxAArch64NoEditor, [000002DBD29D3900][000002DBCDBD0300 49] LinuxClient, [000002DBD2A5E600][000002DBCDBD4480 49] LinuxAArch64Client, [000002DBD29D2300][000002DBCDBD8600 49] LinuxServer, [000002DBD2A5C700][000002DBC4996780 49] LinuxAArch64Server, [000002DBD29D1A00][000002DBC499A900 49] Android, [000002DBD2A5E200][000002DBC4876A40 49] Android_Low, [000002DBD29D1C00][000002DBC499EB80 49] Android_Mid, [000002DBD2A5D300][000002DBC49A2CC0 49] Android_High, [000002DBD29D0E00][000002DBC49AAE40 49] Android_Default, [000002DBD2A5F600][000002DBC49AEFC0 49] Android_Adreno4xx, [000002DBD29D0F00][000002DBC49B3140 49] Android_Adreno5xx_Low, [000002DBD2A5FB00][000002DBC49B72C0 49] Android_Adreno5xx, [000002DBD29D3A00][000002DBC49BB440 49] Android_Adreno6xx, [000002DBD2A5CB00][000002DBD007B5C0 49] Android_Adreno6xx_Vulkan, [000002DBD29D1900][000002DBD007F740 49] Android_Mali_T6xx, [000002DBD2A5CA00][000002DBD00838C0 49] Android_Mali_T7xx, [000002DBD2A39A00][000002DBD0087A40 49] Android_Mali_T8xx, [000002DBD29D8500][000002DBD008BBC0 49] Android_Mali_G71, [000002DBD2A38600][000002DBD008E1C0 49] Android_Mali_G72, [000002DBD29D8300][000002DBD0092340 49] Android_Mali_G72_Vulkan, [000002DBD2A3B900][000002DBD00964C0 49] Android_Mali_G76, [000002DBD29D9000][000002DBD009A640 49] Android_Mali_G76_Vulkan, [000002DBD2A3A600][000002DBD009E7C0 49] Android_Mali_G77, [000002DBD29DAF00][000002DBD00A2940 49] Android_Mali_G77_Vulkan, [000002DBD2A38E00][000002DBD00A6AC0 49] Android_Mali_G78, [000002DBD29DB100][000002DBC49A6C00 49] Android_Mali_G78_Vulkan, [000002DBD2A38800][000002DBD00AAD40 49] Android_Mali_G710, [000002DBD29DAC00][000002DBD00AEE80 49] Android_Mali_G710_Vulkan, [000002DBD2A3BC00][000002DBD0034FC0 49] Android_Vulkan_SM5, [000002DBD29DB500][000002DBD003D140 49] Android_PowerVR_G6xxx, [000002DBD2A39F00][000002DBD00412C0 49] Android_PowerVR_GT7xxx, [000002DBD29D9D00][000002DBD0045440 49] Android_PowerVR_GE8xxx, [000002DBD2A3B300][000002DBD00495C0 49] Android_PowerVR_GM9xxx, [000002DBD29D8800][000002DBD004D740 49] Android_PowerVR_GM9xxx_Vulkan, [000002DBD2A3B700][000002DBD00518C0 49] Android_TegraK1, [000002DBD29D9200][000002DBD0055A40 49] Android_Unknown_Vulkan, [000002DBD2A3A900][000002DBD0059BC0 49] Lumin, [000002DBD29DB700][000002DBD005C1C0 49] Lumin_Desktop, [000002DBD2A3AE00][000002DBD0060340 49] HoloLens, 
[2022.05.10-15.12.39:192][  0]LogMeshReduction: Using QuadricMeshReduction for automatic static mesh reduction
[2022.05.10-15.12.39:192][  0]LogMeshReduction: Using SimplygonMeshReduction for automatic skeletal mesh reduction
[2022.05.10-15.12.39:192][  0]LogMeshReduction: Using ProxyLODMeshReduction for automatic mesh merging
[2022.05.10-15.12.39:192][  0]LogMeshReduction: No distributed automatic mesh merging module available
[2022.05.10-15.12.39:192][  0]LogMeshMerging: No distributed automatic mesh merging module available
[2022.05.10-15.12.39:208][  0]LogNetVersion: Ball_Runner 1.0.0, NetCL: 17155196, EngineNetVer: 17, GameNetVer: 0 (Checksum: 2715530843)
[2022.05.10-15.12.39:582][  0]LogTexture: Default maximum texture size for cubemaps generated from long-lat sources has been changed from 512 to unlimited. In order to preserve old behaiour for '/Engine/MapTemplates/Sky/DaylightAmbientCubemap.DaylightAmbientCubemap', its maximum texture size has been explicitly set to 512.
[2022.05.10-15.12.39:622][  0]LogHMD: PokeAHoleMaterial loaded successfully
[2022.05.10-15.12.39:627][  0]LogUObjectArray: 17178 objects as part of root set at end of initial load.
[2022.05.10-15.12.39:627][  0]LogUObjectAllocator: 4301856 out of 0 bytes used by permanent object pool.
[2022.05.10-15.12.39:627][  0]LogUObjectArray: CloseDisregardForGC: 0/0 objects in disregard for GC pool
[2022.05.10-15.12.39:828][  0]LogNiagaraDebuggerClient: Niagara Debugger Client Initialized | Session: 696CF0B4460D9EF058C122A3CD916975 | Instance: F4AAE28A4A141DD0105860ADE2093277 (DESKTOP-LIP7PNL-18716).
[2022.05.10-15.12.39:860][  0]LogImageWrapper: Warning: PNG Warning: Duplicate iCCP chunk
[2022.05.10-15.12.39:860][  0]LogImageWrapper: Warning: PNG Warning: Duplicate iCCP chunk
[2022.05.10-15.12.39:860][  0]LogPython: Using Python 3.7.7
[2022.05.10-15.12.40:353][  0]LogTcpMessaging: Initializing TcpMessaging bridge
[2022.05.10-15.12.40:356][  0]LogUdpMessaging: Initializing bridge on interface 0.0.0.0:0 to multicast group 230.0.0.1:6666.
[2022.05.10-15.12.40:468][  0]SourceControl: Source control is disabled
[2022.05.10-15.12.40:468][  0]SourceControl: Source control is disabled
[2022.05.10-15.12.40:470][  0]SourceControl: Source control is disabled
[2022.05.10-15.12.40:472][  0]SourceControl: Source control is disabled
[2022.05.10-15.12.40:481][  0]SourceControl: Source control is disabled
[2022.05.10-15.12.40:483][  0]LogUProjectInfo: Found projects:
[2022.05.10-15.12.40:489][  0]LogVSAccessor: Display: Unable to create Visual Studio setup instance: 80040154
[2022.05.10-15.12.40:489][  0]LogVSAccessor: Display: Unable to create Visual Studio setup instance: 80040154
[2022.05.10-15.12.40:490][  0]LogVSAccessor: Display: Unable to create Visual Studio setup instance: 80040154
[2022.05.10-15.12.40:634][  0]LogOpenImageDenoise: OIDN starting up
[2022.05.10-15.12.40:668][  0]LogAndroidPermission: UAndroidPermissionCallbackProxy::GetInstance
[2022.05.10-15.12.40:684][  0]LogAudioCaptureCore: Display: No Audio Capture implementations found. Audio input will be silent.
[2022.05.10-15.12.40:684][  0]LogAudioCaptureCore: Display: No Audio Capture implementations found. Audio input will be silent.
[2022.05.10-15.12.40:788][  0]LogCollectionManager: Loaded 0 collections in 0.000656 seconds
[2022.05.10-15.12.40:807][  0]LogFileCache: Scanning file cache for directory 'D:/Ball_Runner/Ball_Runner/Saved/Collections/' took 0.00s
[2022.05.10-15.12.40:807][  0]LogFileCache: Scanning file cache for directory 'D:/Ball_Runner/Ball_Runner/Content/Developers/Loriess/Collections/' took 0.00s
[2022.05.10-15.12.40:807][  0]LogFileCache: Scanning file cache for directory 'D:/Ball_Runner/Ball_Runner/Content/Collections/' took 0.00s
[2022.05.10-15.12.40:807][  0]LogOcInput: OculusInput pre-init called
[2022.05.10-15.12.40:935][  0]LogImageWrapper: Warning: PNG Warning: Duplicate iCCP chunk
[2022.05.10-15.12.40:936][  0]LogImageWrapper: Warning: PNG Warning: Duplicate iCCP chunk
[2022.05.10-15.12.40:985][  0]LogEngine: Initializing Engine...
[2022.05.10-15.12.40:987][  0]LogHMD: Failed to enumerate extensions. Please check that you have a valid OpenXR runtime installed.
[2022.05.10-15.12.40:987][  0]LogHMD: Failed to initialize OpenVR with code 110
[2022.05.10-15.12.40:987][  0]LogMagicLeap: Warning: VR disabled because ZI is not enabled.  To enable, in the editor, Edit -> Project Settings -> Plugins -> Magic Leap Plugin -> Enable Zero Iteration
[2022.05.10-15.12.40:988][  0]LogStats: UGameplayTagsManager::InitializeManager -  0.000 s
[2022.05.10-15.12.41:084][  0]LogInit: Initializing FReadOnlyCVARCache
[2022.05.10-15.12.41:090][  0]LogAIModule: Creating AISystem for world Untitled
[2022.05.10-15.12.41:091][  0]LogAudio: Display: Initializing Audio Device Manager...
[2022.05.10-15.12.41:093][  0]LogAudio: Display: Loading Default Audio Settings Objects...
[2022.05.10-15.12.41:093][  0]LogAudio: Display: No default SoundConcurrencyObject specified (or failed to load).
[2022.05.10-15.12.41:094][  0]LogAudio: Display: Audio Device Manager Initialized
[2022.05.10-15.12.41:094][  0]LogAudio: Display: Creating Audio Device:                 Id: 1, Scope: Shared, Realtime: True
[2022.05.10-15.12.41:094][  0]LogAudioMixer: Display: Audio Mixer Platform Settings:
[2022.05.10-15.12.41:094][  0]LogAudioMixer: Display: 	Sample Rate:						  48000
[2022.05.10-15.12.41:094][  0]LogAudioMixer: Display: 	Callback Buffer Frame Size Requested: 1024
[2022.05.10-15.12.41:094][  0]LogAudioMixer: Display: 	Callback Buffer Frame Size To Use:	  1024
[2022.05.10-15.12.41:094][  0]LogAudioMixer: Display: 	Number of buffers to queue:			  2
[2022.05.10-15.12.41:094][  0]LogAudioMixer: Display: 	Max Channels (voices):				  32
[2022.05.10-15.12.41:094][  0]LogAudioMixer: Display: 	Number of Async Source Workers:		  0
[2022.05.10-15.12.41:094][  0]LogAudio: Display: AudioDevice MaxSources: 32
[2022.05.10-15.12.41:094][  0]LogAudio: Display: Audio Spatialization Plugin: None (built-in).
[2022.05.10-15.12.41:094][  0]LogAudio: Display: Audio Reverb Plugin: None (built-in).
[2022.05.10-15.12.41:094][  0]LogAudio: Display: Audio Occlusion Plugin: None (built-in).
[2022.05.10-15.12.41:094][  0]LogAudioMixer: Display: Initializing audio mixer.
[2022.05.10-15.12.41:102][  0]LogAudioMixer: Display: 0: FrontLeft
[2022.05.10-15.12.41:102][  0]LogAudioMixer: Display: 1: FrontRight
[2022.05.10-15.12.41:134][  0]LogAudioMixer: Display: Using Audio Device Głośniki (Realtek High Definition Audio)
[2022.05.10-15.12.41:136][  0]LogAudioMixer: Display: Initializing Sound Submixes...
[2022.05.10-15.12.41:137][  0]LogAudioMixer: Display: Creating Master Submix 'MasterSubmixDefault'
[2022.05.10-15.12.41:137][  0]LogAudioMixer: Display: Creating Master Submix 'MasterReverbSubmixDefault'
[2022.05.10-15.12.41:138][  0]LogAudioMixer: Display: Creating Master Submix 'MasterEQSubmixDefault'
[2022.05.10-15.12.41:138][  0]LogAudioMixer: FMixerPlatformXAudio2::StartAudioStream() called
[2022.05.10-15.12.41:138][  0]LogAudioMixer: Display: Output buffers initialized: Frames=1024, Channels=2, Samples=2048
[2022.05.10-15.12.41:139][  0]LogAudioMixer: Display: Starting AudioMixerPlatformInterface::RunInternal()
[2022.05.10-15.12.41:139][  0]LogAudioMixer: Display: FMixerPlatformXAudio2::SubmitBuffer() called for the first time
[2022.05.10-15.12.41:139][  0]LogInit: FAudioDevice initialized.
[2022.05.10-15.12.41:140][  0]LogAudio: Display: Audio Device (ID: 1) registered with world 'Untitled'.
[2022.05.10-15.12.41:140][  0]LogNetVersion: Set ProjectVersion to 1.0.0.0. Version Checksum will be recalculated on next use.
[2022.05.10-15.12.41:195][  0]LogDerivedDataCache: Saved boot cache 0.06s 94MB C:/Users/Loriess/AppData/Local/UnrealEngine/4.27/DerivedDataCache/Boot.ddc.
[2022.05.10-15.12.41:196][  0]LogInit: Texture streaming: Enabled
[2022.05.10-15.12.41:205][  0]LogAnalytics: Display: [UEEditor.Rocket.Release] APIServer = https://datarouter.ol.epicgames.com/. AppVersion = 4.27.1-17735300+++UE4+Release-4.27
[2022.05.10-15.12.41:207][  0]LogEngineSessionManager: EngineSessionManager initialized
[2022.05.10-15.12.41:207][  0]LogEditorSessionSummary: Verbose: Initializing EditorSessionSummaryWriter for editor session tracking
[2022.05.10-15.12.41:208][  0]LogEditorSessionSummary: EditorSessionSummaryWriter initialized
[2022.05.10-15.12.41:225][  0]LogInit: Transaction tracking system initialized
[2022.05.10-15.12.41:241][  0]BlueprintLog: New page: Editor Load
[2022.05.10-15.12.41:282][  0]LocalizationService: Localization service is disabled
[2022.05.10-15.12.41:298][  0]TimingProfiler: Initialize
[2022.05.10-15.12.41:298][  0]TimingProfiler: OnSessionChanged
[2022.05.10-15.12.41:298][  0]LoadingProfiler: Initialize
[2022.05.10-15.12.41:298][  0]LoadingProfiler: OnSessionChanged
[2022.05.10-15.12.41:298][  0]NetworkingProfiler: Initialize
[2022.05.10-15.12.41:298][  0]NetworkingProfiler: OnSessionChanged
[2022.05.10-15.12.41:298][  0]MemoryProfiler: Initialize
[2022.05.10-15.12.41:298][  0]MemoryProfiler: OnSessionChanged
[2022.05.10-15.12.41:339][  0]LogVSAccessor: Display: Unable to create Visual Studio setup instance: 80040154
[2022.05.10-15.12.41:339][  0]LogVSAccessor: Display: Unable to create Visual Studio setup instance: 80040154
[2022.05.10-15.12.41:340][  0]LogVSAccessor: Display: Unable to create Visual Studio setup instance: 80040154
[2022.05.10-15.12.41:398][  0]LogCook: Display: CookSettings for Memory: MemoryMaxUsedVirtual 0MiB, MemoryMaxUsedPhysical 16384MiB, MemoryMinFreeVirtual 0MiB, MemoryMinFreePhysical 1024MiB
[2022.05.10-15.12.41:398][  0]LogCook: Display: Mobile HDR setting 1
[2022.05.10-15.12.41:538][  0]LogFileCache: Scanning file cache for directory 'D:/Ball_Runner/Ball_Runner/Content/' took 0.00s
[2022.05.10-15.12.41:666][  0]LogImageWrapper: Warning: PNG Warning: Duplicate iCCP chunk
[2022.05.10-15.12.41:666][  0]LogImageWrapper: Warning: PNG Warning: Duplicate iCCP chunk
[2022.05.10-15.12.41:666][  0]LogInit: Display: Engine is initialized. Leaving FEngineLoop::Init()
[2022.05.10-15.12.41:668][  0]SourceControl: Source control is disabled
[2022.05.10-15.12.41:668][  0]LogUnrealEdMisc: Loading editor; pre map load, took 5.140
[2022.05.10-15.12.41:669][  0]Cmd: MAP LOAD FILE="../../../../Ball_Runner/Ball_Runner/Content/StarterContent/Maps/Minimal_Default.umap" TEMPLATE=0 SHOWPROGRESS=1 FEATURELEVEL=3
[2022.05.10-15.12.41:669][  0]LightingResults: New page: Lighting Build
[2022.05.10-15.12.41:670][  0]LogWorld: UWorld::CleanupWorld for Untitled, bSessionEnded=true, bCleanupResources=true
[2022.05.10-15.12.41:670][  0]LogSlate: InvalidateAllWidgets triggered.  All widgets were invalidated
[2022.05.10-15.12.41:670][  0]MapCheck: New page: Map Check
[2022.05.10-15.12.41:670][  0]LightingResults: New page: Lighting Build
[2022.05.10-15.12.41:686][  0]LogAudio: Display: Audio Device unregistered from world 'None'.
[2022.05.10-15.12.41:688][  0]LogUObjectHash: Compacting FUObjectHashTables data took   0.77ms
[2022.05.10-15.12.41:769][  0]LogStaticMesh: Building static mesh Floor_400x400...
[2022.05.10-15.12.41:789][  0]LogStaticMesh: Built static mesh [0.02s] /Game/StarterContent/Architecture/Floor_400x400.Floor_400x400
[2022.05.10-15.12.41:802][  0]LogTexture: Display: Building textures: DeprecatedTextureD6C57B644F03DADF4F2699848FAEA3C3 (BGRA8, 128X128)
[2022.05.10-15.12.41:805][  0]LogTexture: Display: Building textures: DeprecatedTexture8D91C9AE4C6B8D628CDA3C848426284A (BGRA8, 128X128)
[2022.05.10-15.12.41:819][  0]LogAudio: Display: Audio Device (ID: 1) registered with world 'Minimal_Default'.
[2022.05.10-15.12.41:820][  0]LogAIModule: Creating AISystem for world Minimal_Default
[2022.05.10-15.12.41:823][  0]LogEditorServer: Finished looking for orphan Actors (0.000 secs)
[2022.05.10-15.12.41:829][  0]LogUObjectHash: Compacting FUObjectHashTables data took   1.06ms
[2022.05.10-15.12.41:829][  0]Cmd: MAP CHECKDEP NOCLEARLOG
[2022.05.10-15.12.41:829][  0]MapCheck: Map check complete: 0 Error(s), 0 Warning(s), took 0,103ms to complete.
[2022.05.10-15.12.41:829][  0]LogFileHelpers: Loading map 'Minimal_Default' took 0.161
[2022.05.10-15.12.41:831][  0]LogUnrealEdMisc: Total Editor Startup Time, took 5.303
[2022.05.10-15.12.41:924][  0]LogSlate: Updating window title bar state: overlay mode, drag disabled, window buttons hidden, title bar hidden
[2022.05.10-15.12.41:929][  0]LogSlate: Updating window title bar state: overlay mode, drag disabled, window buttons hidden, title bar hidden
[2022.05.10-15.12.41:934][  0]LogSlate: Updating window title bar state: overlay mode, drag disabled, window buttons hidden, title bar hidden
[2022.05.10-15.12.41:939][  0]LogSlate: Updating window title bar state: overlay mode, drag disabled, window buttons hidden, title bar hidden
[2022.05.10-15.12.41:951][  0]LogNativeClassHierarchy: Verbose: Native class hierarchy populated in 0.0091 seconds. Added 3822 classes and 928 folders.
[2022.05.10-15.12.41:953][  0]LogNativeClassHierarchy: Verbose: Native class hierarchy updated for 'WidgetCarousel' in 0.0002 seconds. Added 0 classes and 0 folders.
[2022.05.10-15.12.41:954][  0]LogPakFile: PakFile PrimaryIndexSize=187
[2022.05.10-15.12.41:954][  0]LogPakFile: PakFile PathHashIndexSize=101
[2022.05.10-15.12.41:954][  0]LogPakFile: PakFile FullDirectoryIndexSize=148
[2022.05.10-15.12.41:954][  0]LogShaderLibrary: Display: ShaderCodeLibraryPakFileMountedCallback: PakFile 'D:/UE_4.27/FeaturePacks/FP_FirstPerson.upack' (chunk index -1, root 'root:/') mounted
[2022.05.10-15.12.41:954][  0]LogShaderLibrary: Display: ShaderCodeLibraryPakFileMountedCallback: pending pak file info (ChunkID:-1 Root:root:/ File:D:/UE_4.27/FeaturePacks/FP_FirstPerson.upack)
[2022.05.10-15.12.41:954][  0]LogPakFile: OnPakFileMounted2Time == 0.000045
[2022.05.10-15.12.41:954][  0]LogPakFile: PakFile PrimaryIndexSize=189
[2022.05.10-15.12.41:954][  0]LogPakFile: PakFile PathHashIndexSize=101
[2022.05.10-15.12.41:954][  0]LogPakFile: PakFile FullDirectoryIndexSize=152
[2022.05.10-15.12.41:954][  0]LogShaderLibrary: Display: ShaderCodeLibraryPakFileMountedCallback: PakFile 'D:/UE_4.27/FeaturePacks/FP_FirstPersonBP.upack' (chunk index -1, root 'root:/') mounted
[2022.05.10-15.12.41:954][  0]LogShaderLibrary: Display: ShaderCodeLibraryPakFileMountedCallback: pending pak file info (ChunkID:-1 Root:root:/ File:D:/UE_4.27/FeaturePacks/FP_FirstPersonBP.upack)
[2022.05.10-15.12.41:954][  0]LogPakFile: OnPakFileMounted2Time == 0.000030
[2022.05.10-15.12.41:955][  0]LogPakFile: PakFile PrimaryIndexSize=191
[2022.05.10-15.12.41:955][  0]LogPakFile: PakFile PathHashIndexSize=101
[2022.05.10-15.12.41:955][  0]LogPakFile: PakFile FullDirectoryIndexSize=160
[2022.05.10-15.12.41:955][  0]LogShaderLibrary: Display: ShaderCodeLibraryPakFileMountedCallback: PakFile 'D:/UE_4.27/FeaturePacks/MobileStarterContent.upack' (chunk index -1, root 'root:/') mounted
[2022.05.10-15.12.41:955][  0]LogShaderLibrary: Display: ShaderCodeLibraryPakFileMountedCallback: pending pak file info (ChunkID:-1 Root:root:/ File:D:/UE_4.27/FeaturePacks/MobileStarterContent.upack)
[2022.05.10-15.12.41:955][  0]LogPakFile: OnPakFileMounted2Time == 0.000034
[2022.05.10-15.12.41:955][  0]LogPakFile: PakFile PrimaryIndexSize=185
[2022.05.10-15.12.41:955][  0]LogPakFile: PakFile PathHashIndexSize=101
[2022.05.10-15.12.41:955][  0]LogPakFile: PakFile FullDirectoryIndexSize=148
[2022.05.10-15.12.41:955][  0]LogShaderLibrary: Display: ShaderCodeLibraryPakFileMountedCallback: PakFile 'D:/UE_4.27/FeaturePacks/StarterContent.upack' (chunk index -1, root 'root:/') mounted
[2022.05.10-15.12.41:955][  0]LogShaderLibrary: Display: ShaderCodeLibraryPakFileMountedCallback: pending pak file info (ChunkID:-1 Root:root:/ File:D:/UE_4.27/FeaturePacks/StarterContent.upack)
[2022.05.10-15.12.41:955][  0]LogPakFile: OnPakFileMounted2Time == 0.000029
[2022.05.10-15.12.41:956][  0]LogPakFile: PakFile PrimaryIndexSize=190
[2022.05.10-15.12.41:956][  0]LogPakFile: PakFile PathHashIndexSize=101
[2022.05.10-15.12.41:956][  0]LogPakFile: PakFile FullDirectoryIndexSize=154
[2022.05.10-15.12.41:956][  0]LogShaderLibrary: Display: ShaderCodeLibraryPakFileMountedCallback: PakFile 'D:/UE_4.27/FeaturePacks/TP_2DSideScroller.upack' (chunk index -1, root 'root:/') mounted
[2022.05.10-15.12.41:956][  0]LogShaderLibrary: Display: ShaderCodeLibraryPakFileMountedCallback: pending pak file info (ChunkID:-1 Root:root:/ File:D:/UE_4.27/FeaturePacks/TP_2DSideScroller.upack)
[2022.05.10-15.12.41:956][  0]LogPakFile: OnPakFileMounted2Time == 0.000027
[2022.05.10-15.12.41:956][  0]LogPakFile: PakFile PrimaryIndexSize=192
[2022.05.10-15.12.41:956][  0]LogPakFile: PakFile PathHashIndexSize=101
[2022.05.10-15.12.41:956][  0]LogPakFile: PakFile FullDirectoryIndexSize=158
[2022.05.10-15.12.41:956][  0]LogShaderLibrary: Display: ShaderCodeLibraryPakFileMountedCallback: PakFile 'D:/UE_4.27/FeaturePacks/TP_2DSideScrollerBP.upack' (chunk index -1, root 'root:/') mounted
[2022.05.10-15.12.41:956][  0]LogShaderLibrary: Display: ShaderCodeLibraryPakFileMountedCallback: pending pak file info (ChunkID:-1 Root:root:/ File:D:/UE_4.27/FeaturePacks/TP_2DSideScrollerBP.upack)
[2022.05.10-15.12.41:956][  0]LogPakFile: OnPakFileMounted2Time == 0.000031
[2022.05.10-15.12.41:956][  0]LogPakFile: PakFile PrimaryIndexSize=182
[2022.05.10-15.12.41:956][  0]LogPakFile: PakFile PathHashIndexSize=101
[2022.05.10-15.12.41:956][  0]LogPakFile: PakFile FullDirectoryIndexSize=138
[2022.05.10-15.12.41:957][  0]LogShaderLibrary: Display: ShaderCodeLibraryPakFileMountedCallback: PakFile 'D:/UE_4.27/FeaturePacks/TP_Flying.upack' (chunk index -1, root 'root:/') mounted
[2022.05.10-15.12.41:957][  0]LogShaderLibrary: Display: ShaderCodeLibraryPakFileMountedCallback: pending pak file info (ChunkID:-1 Root:root:/ File:D:/UE_4.27/FeaturePacks/TP_Flying.upack)
[2022.05.10-15.12.41:957][  0]LogPakFile: OnPakFileMounted2Time == 0.000027
[2022.05.10-15.12.41:957][  0]LogPakFile: PakFile PrimaryIndexSize=184
[2022.05.10-15.12.41:957][  0]LogPakFile: PakFile PathHashIndexSize=101
[2022.05.10-15.12.41:957][  0]LogPakFile: PakFile FullDirectoryIndexSize=142
[2022.05.10-15.12.41:957][  0]LogShaderLibrary: Display: ShaderCodeLibraryPakFileMountedCallback: PakFile 'D:/UE_4.27/FeaturePacks/TP_FlyingBP.upack' (chunk index -1, root 'root:/') mounted
[2022.05.10-15.12.41:957][  0]LogShaderLibrary: Display: ShaderCodeLibraryPakFileMountedCallback: pending pak file info (ChunkID:-1 Root:root:/ File:D:/UE_4.27/FeaturePacks/TP_FlyingBP.upack)
[2022.05.10-15.12.41:957][  0]LogPakFile: OnPakFileMounted2Time == 0.000026
[2022.05.10-15.12.41:957][  0]LogPakFile: PakFile PrimaryIndexSize=188
[2022.05.10-15.12.41:957][  0]LogPakFile: PakFile PathHashIndexSize=101
[2022.05.10-15.12.41:957][  0]LogPakFile: PakFile FullDirectoryIndexSize=150
[2022.05.10-15.12.41:957][  0]LogShaderLibrary: Display: ShaderCodeLibraryPakFileMountedCallback: PakFile 'D:/UE_4.27/FeaturePacks/TP_HandheldARBP.upack' (chunk index -1, root 'root:/') mounted
[2022.05.10-15.12.41:957][  0]LogShaderLibrary: Display: ShaderCodeLibraryPakFileMountedCallback: pending pak file info (ChunkID:-1 Root:root:/ File:D:/UE_4.27/FeaturePacks/TP_HandheldARBP.upack)
[2022.05.10-15.12.41:957][  0]LogPakFile: OnPakFileMounted2Time == 0.000028
[2022.05.10-15.12.41:958][  0]LogPakFile: PakFile PrimaryIndexSize=182
[2022.05.10-15.12.41:958][  0]LogPakFile: PakFile PathHashIndexSize=101
[2022.05.10-15.12.41:958][  0]LogPakFile: PakFile FullDirectoryIndexSize=138
[2022.05.10-15.12.41:958][  0]LogShaderLibrary: Display: ShaderCodeLibraryPakFileMountedCallback: PakFile 'D:/UE_4.27/FeaturePacks/TP_Puzzle.upack' (chunk index -1, root 'root:/') mounted
[2022.05.10-15.12.41:958][  0]LogShaderLibrary: Display: ShaderCodeLibraryPakFileMountedCallback: pending pak file info (ChunkID:-1 Root:root:/ File:D:/UE_4.27/FeaturePacks/TP_Puzzle.upack)
[2022.05.10-15.12.41:958][  0]LogPakFile: OnPakFileMounted2Time == 0.000026
[2022.05.10-15.12.41:958][  0]LogPakFile: PakFile PrimaryIndexSize=184
[2022.05.10-15.12.41:958][  0]LogPakFile: PakFile PathHashIndexSize=101
[2022.05.10-15.12.41:958][  0]LogPakFile: PakFile FullDirectoryIndexSize=142
[2022.05.10-15.12.41:958][  0]LogShaderLibrary: Display: ShaderCodeLibraryPakFileMountedCallback: PakFile 'D:/UE_4.27/FeaturePacks/TP_PuzzleBP.upack' (chunk index -1, root 'root:/') mounted
[2022.05.10-15.12.41:958][  0]LogShaderLibrary: Display: ShaderCodeLibraryPakFileMountedCallback: pending pak file info (ChunkID:-1 Root:root:/ File:D:/UE_4.27/FeaturePacks/TP_PuzzleBP.upack)
[2022.05.10-15.12.41:958][  0]LogPakFile: OnPakFileMounted2Time == 0.000027
[2022.05.10-15.12.41:959][  0]LogPakFile: PakFile PrimaryIndexSize=183
[2022.05.10-15.12.41:959][  0]LogPakFile: PakFile PathHashIndexSize=101
[2022.05.10-15.12.41:959][  0]LogPakFile: PakFile FullDirectoryIndexSize=140
[2022.05.10-15.12.41:959][  0]LogShaderLibrary: Display: ShaderCodeLibraryPakFileMountedCallback: PakFile 'D:/UE_4.27/FeaturePacks/TP_Rolling.upack' (chunk index -1, root 'root:/') mounted
[2022.05.10-15.12.41:959][  0]LogShaderLibrary: Display: ShaderCodeLibraryPakFileMountedCallback: pending pak file info (ChunkID:-1 Root:root:/ File:D:/UE_4.27/FeaturePacks/TP_Rolling.upack)
[2022.05.10-15.12.41:959][  0]LogPakFile: OnPakFileMounted2Time == 0.000028
[2022.05.10-15.12.41:959][  0]LogPakFile: PakFile PrimaryIndexSize=185
[2022.05.10-15.12.41:959][  0]LogPakFile: PakFile PathHashIndexSize=101
[2022.05.10-15.12.41:959][  0]LogPakFile: PakFile FullDirectoryIndexSize=144
[2022.05.10-15.12.41:959][  0]LogShaderLibrary: Display: ShaderCodeLibraryPakFileMountedCallback: PakFile 'D:/UE_4.27/FeaturePacks/TP_RollingBP.upack' (chunk index -1, root 'root:/') mounted
[2022.05.10-15.12.41:959][  0]LogShaderLibrary: Display: ShaderCodeLibraryPakFileMountedCallback: pending pak file info (ChunkID:-1 Root:root:/ File:D:/UE_4.27/FeaturePacks/TP_RollingBP.upack)
[2022.05.10-15.12.41:959][  0]LogPakFile: OnPakFileMounted2Time == 0.000026
[2022.05.10-15.12.41:959][  0]LogPakFile: PakFile PrimaryIndexSize=188
[2022.05.10-15.12.41:959][  0]LogPakFile: PakFile PathHashIndexSize=101
[2022.05.10-15.12.41:959][  0]LogPakFile: PakFile FullDirectoryIndexSize=150
[2022.05.10-15.12.41:959][  0]LogShaderLibrary: Display: ShaderCodeLibraryPakFileMountedCallback: PakFile 'D:/UE_4.27/FeaturePacks/TP_SideScroller.upack' (chunk index -1, root 'root:/') mounted
[2022.05.10-15.12.41:959][  0]LogShaderLibrary: Display: ShaderCodeLibraryPakFileMountedCallback: pending pak file info (ChunkID:-1 Root:root:/ File:D:/UE_4.27/FeaturePacks/TP_SideScroller.upack)
[2022.05.10-15.12.41:959][  0]LogPakFile: OnPakFileMounted2Time == 0.000026
[2022.05.10-15.12.41:960][  0]LogPakFile: PakFile PrimaryIndexSize=190
[2022.05.10-15.12.41:960][  0]LogPakFile: PakFile PathHashIndexSize=101
[2022.05.10-15.12.41:960][  0]LogPakFile: PakFile FullDirectoryIndexSize=154
[2022.05.10-15.12.41:960][  0]LogShaderLibrary: Display: ShaderCodeLibraryPakFileMountedCallback: PakFile 'D:/UE_4.27/FeaturePacks/TP_SideScrollerBP.upack' (chunk index -1, root 'root:/') mounted
[2022.05.10-15.12.41:960][  0]LogShaderLibrary: Display: ShaderCodeLibraryPakFileMountedCallback: pending pak file info (ChunkID:-1 Root:root:/ File:D:/UE_4.27/FeaturePacks/TP_SideScrollerBP.upack)
[2022.05.10-15.12.41:960][  0]LogPakFile: OnPakFileMounted2Time == 0.000026
[2022.05.10-15.12.41:960][  0]LogPakFile: PakFile PrimaryIndexSize=187
[2022.05.10-15.12.41:960][  0]LogPakFile: PakFile PathHashIndexSize=101
[2022.05.10-15.12.41:960][  0]LogPakFile: PakFile FullDirectoryIndexSize=148
[2022.05.10-15.12.41:960][  0]LogShaderLibrary: Display: ShaderCodeLibraryPakFileMountedCallback: PakFile 'D:/UE_4.27/FeaturePacks/TP_ThirdPerson.upack' (chunk index -1, root 'root:/') mounted
[2022.05.10-15.12.41:960][  0]LogShaderLibrary: Display: ShaderCodeLibraryPakFileMountedCallback: pending pak file info (ChunkID:-1 Root:root:/ File:D:/UE_4.27/FeaturePacks/TP_ThirdPerson.upack)
[2022.05.10-15.12.41:960][  0]LogPakFile: OnPakFileMounted2Time == 0.000026
[2022.05.10-15.12.41:960][  0]LogPakFile: PakFile PrimaryIndexSize=189
[2022.05.10-15.12.41:961][  0]LogPakFile: PakFile PathHashIndexSize=101
[2022.05.10-15.12.41:961][  0]LogPakFile: PakFile FullDirectoryIndexSize=152
[2022.05.10-15.12.41:961][  0]LogShaderLibrary: Display: ShaderCodeLibraryPakFileMountedCallback: PakFile 'D:/UE_4.27/FeaturePacks/TP_ThirdPersonBP.upack' (chunk index -1, root 'root:/') mounted
[2022.05.10-15.12.41:961][  0]LogShaderLibrary: Display: ShaderCodeLibraryPakFileMountedCallback: pending pak file info (ChunkID:-1 Root:root:/ File:D:/UE_4.27/FeaturePacks/TP_ThirdPersonBP.upack)
[2022.05.10-15.12.41:961][  0]LogPakFile: OnPakFileMounted2Time == 0.000026
[2022.05.10-15.12.41:961][  0]LogPakFile: PakFile PrimaryIndexSize=183
[2022.05.10-15.12.41:961][  0]LogPakFile: PakFile PathHashIndexSize=101
[2022.05.10-15.12.41:961][  0]LogPakFile: PakFile FullDirectoryIndexSize=140
[2022.05.10-15.12.41:961][  0]LogShaderLibrary: Display: ShaderCodeLibraryPakFileMountedCallback: PakFile 'D:/UE_4.27/FeaturePacks/TP_TopDown.upack' (chunk index -1, root 'root:/') mounted
[2022.05.10-15.12.41:961][  0]LogShaderLibrary: Display: ShaderCodeLibraryPakFileMountedCallback: pending pak file info (ChunkID:-1 Root:root:/ File:D:/UE_4.27/FeaturePacks/TP_TopDown.upack)
[2022.05.10-15.12.41:961][  0]LogPakFile: OnPakFileMounted2Time == 0.000030
[2022.05.10-15.12.41:961][  0]LogPakFile: PakFile PrimaryIndexSize=185
[2022.05.10-15.12.41:961][  0]LogPakFile: PakFile PathHashIndexSize=101
[2022.05.10-15.12.41:961][  0]LogPakFile: PakFile FullDirectoryIndexSize=144
[2022.05.10-15.12.41:961][  0]LogShaderLibrary: Display: ShaderCodeLibraryPakFileMountedCallback: PakFile 'D:/UE_4.27/FeaturePacks/TP_TopDownBP.upack' (chunk index -1, root 'root:/') mounted
[2022.05.10-15.12.41:961][  0]LogShaderLibrary: Display: ShaderCodeLibraryPakFileMountedCallback: pending pak file info (ChunkID:-1 Root:root:/ File:D:/UE_4.27/FeaturePacks/TP_TopDownBP.upack)
[2022.05.10-15.12.41:961][  0]LogPakFile: OnPakFileMounted2Time == 0.000026
[2022.05.10-15.12.41:962][  0]LogPakFile: PakFile PrimaryIndexSize=185
[2022.05.10-15.12.41:962][  0]LogPakFile: PakFile PathHashIndexSize=101
[2022.05.10-15.12.41:962][  0]LogPakFile: PakFile FullDirectoryIndexSize=144
[2022.05.10-15.12.41:962][  0]LogShaderLibrary: Display: ShaderCodeLibraryPakFileMountedCallback: PakFile 'D:/UE_4.27/FeaturePacks/TP_TwinStick.upack' (chunk index -1, root 'root:/') mounted
[2022.05.10-15.12.41:962][  0]LogShaderLibrary: Display: ShaderCodeLibraryPakFileMountedCallback: pending pak file info (ChunkID:-1 Root:root:/ File:D:/UE_4.27/FeaturePacks/TP_TwinStick.upack)
[2022.05.10-15.12.41:962][  0]LogPakFile: OnPakFileMounted2Time == 0.000026
[2022.05.10-15.12.41:962][  0]LogPakFile: PakFile PrimaryIndexSize=187
[2022.05.10-15.12.41:962][  0]LogPakFile: PakFile PathHashIndexSize=101
[2022.05.10-15.12.41:962][  0]LogPakFile: PakFile FullDirectoryIndexSize=148
[2022.05.10-15.12.41:962][  0]LogShaderLibrary: Display: ShaderCodeLibraryPakFileMountedCallback: PakFile 'D:/UE_4.27/FeaturePacks/TP_TwinStickBP.upack' (chunk index -1, root 'root:/') mounted
[2022.05.10-15.12.41:962][  0]LogShaderLibrary: Display: ShaderCodeLibraryPakFileMountedCallback: pending pak file info (ChunkID:-1 Root:root:/ File:D:/UE_4.27/FeaturePacks/TP_TwinStickBP.upack)
[2022.05.10-15.12.41:962][  0]LogPakFile: OnPakFileMounted2Time == 0.000026
[2022.05.10-15.12.41:962][  0]LogPakFile: PakFile PrimaryIndexSize=183
[2022.05.10-15.12.41:962][  0]LogPakFile: PakFile PathHashIndexSize=101
[2022.05.10-15.12.41:962][  0]LogPakFile: PakFile FullDirectoryIndexSize=140
[2022.05.10-15.12.41:963][  0]LogShaderLibrary: Display: ShaderCodeLibraryPakFileMountedCallback: PakFile 'D:/UE_4.27/FeaturePacks/TP_Vehicle.upack' (chunk index -1, root 'root:/') mounted
[2022.05.10-15.12.41:963][  0]LogShaderLibrary: Display: ShaderCodeLibraryPakFileMountedCallback: pending pak file info (ChunkID:-1 Root:root:/ File:D:/UE_4.27/FeaturePacks/TP_Vehicle.upack)
[2022.05.10-15.12.41:963][  0]LogPakFile: OnPakFileMounted2Time == 0.000026
[2022.05.10-15.12.41:963][  0]LogPakFile: PakFile PrimaryIndexSize=186
[2022.05.10-15.12.41:963][  0]LogPakFile: PakFile PathHashIndexSize=101
[2022.05.10-15.12.41:963][  0]LogPakFile: PakFile FullDirectoryIndexSize=146
[2022.05.10-15.12.41:963][  0]LogShaderLibrary: Display: ShaderCodeLibraryPakFileMountedCallback: PakFile 'D:/UE_4.27/FeaturePacks/TP_VehicleAdv.upack' (chunk index -1, root 'root:/') mounted
[2022.05.10-15.12.41:963][  0]LogShaderLibrary: Display: ShaderCodeLibraryPakFileMountedCallback: pending pak file info (ChunkID:-1 Root:root:/ File:D:/UE_4.27/FeaturePacks/TP_VehicleAdv.upack)
[2022.05.10-15.12.41:963][  0]LogPakFile: OnPakFileMounted2Time == 0.000027
[2022.05.10-15.12.41:963][  0]LogPakFile: PakFile PrimaryIndexSize=188
[2022.05.10-15.12.41:963][  0]LogPakFile: PakFile PathHashIndexSize=101
[2022.05.10-15.12.41:963][  0]LogPakFile: PakFile FullDirectoryIndexSize=150
[2022.05.10-15.12.41:963][  0]LogShaderLibrary: Display: ShaderCodeLibraryPakFileMountedCallback: PakFile 'D:/UE_4.27/FeaturePacks/TP_VehicleAdvBP.upack' (chunk index -1, root 'root:/') mounted
[2022.05.10-15.12.41:963][  0]LogShaderLibrary: Display: ShaderCodeLibraryPakFileMountedCallback: pending pak file info (ChunkID:-1 Root:root:/ File:D:/UE_4.27/FeaturePacks/TP_VehicleAdvBP.upack)
[2022.05.10-15.12.41:963][  0]LogPakFile: OnPakFileMounted2Time == 0.000027
[2022.05.10-15.12.41:964][  0]LogPakFile: PakFile PrimaryIndexSize=185
[2022.05.10-15.12.41:964][  0]LogPakFile: PakFile PathHashIndexSize=101
[2022.05.10-15.12.41:964][  0]LogPakFile: PakFile FullDirectoryIndexSize=144
[2022.05.10-15.12.41:964][  0]LogShaderLibrary: Display: ShaderCodeLibraryPakFileMountedCallback: PakFile 'D:/UE_4.27/FeaturePacks/TP_VehicleBP.upack' (chunk index -1, root 'root:/') mounted
[2022.05.10-15.12.41:964][  0]LogShaderLibrary: Display: ShaderCodeLibraryPakFileMountedCallback: pending pak file info (ChunkID:-1 Root:root:/ File:D:/UE_4.27/FeaturePacks/TP_VehicleBP.upack)
[2022.05.10-15.12.41:964][  0]LogPakFile: OnPakFileMounted2Time == 0.000028
[2022.05.10-15.12.41:964][  0]LogPakFile: PakFile PrimaryIndexSize=192
[2022.05.10-15.12.41:964][  0]LogPakFile: PakFile PathHashIndexSize=101
[2022.05.10-15.12.41:964][  0]LogPakFile: PakFile FullDirectoryIndexSize=158
[2022.05.10-15.12.41:964][  0]LogShaderLibrary: Display: ShaderCodeLibraryPakFileMountedCallback: PakFile 'D:/UE_4.27/FeaturePacks/TP_VirtualRealityBP.upack' (chunk index -1, root 'root:/') mounted
[2022.05.10-15.12.41:964][  0]LogShaderLibrary: Display: ShaderCodeLibraryPakFileMountedCallback: pending pak file info (ChunkID:-1 Root:root:/ File:D:/UE_4.27/FeaturePacks/TP_VirtualRealityBP.upack)
[2022.05.10-15.12.41:964][  0]LogPakFile: OnPakFileMounted2Time == 0.000026
[2022.05.10-15.12.41:992][  0]LogNativeClassHierarchy: Verbose: Native class hierarchy updated for 'AddContentDialog' in 0.0003 seconds. Added 0 classes and 0 folders.
[2022.05.10-15.12.41:993][  0]LogNativeClassHierarchy: Verbose: Native class hierarchy updated for 'SceneOutliner' in 0.0001 seconds. Added 2 classes and 0 folders.
[2022.05.10-15.12.42:087][  0]LogSlate: Took 0.000122 seconds to synchronously load lazily loaded font '../../../Engine/Content/Slate/Fonts/Roboto-Regular.ttf' (155K)
[2022.05.10-15.12.42:605][  0]LogSlate: Took 0.000145 seconds to synchronously load lazily loaded font '../../../Engine/Content/Editor/Slate/Fonts/FontAwesome.ttf' (139K)
[2022.05.10-15.12.42:606][  0]LogSlate: Took 0.000104 seconds to synchronously load lazily loaded font '../../../Engine/Content/Slate/Fonts/Roboto-Bold.ttf' (160K)
[2022.05.10-15.12.42:740][  0]LogRenderer: Reallocating scene render targets to support 1208x572 Format 10 NumSamples 1 (Frame:1).
[2022.05.10-15.12.42:819][  0]LogNativeClassHierarchy: Verbose: Native class hierarchy updated for 'HierarchicalLODOutliner' in 0.0002 seconds. Added 0 classes and 0 folders.
[2022.05.10-15.12.42:820][  0]LogLoad: (Engine Initialization) Total time: 6.29 seconds
[2022.05.10-15.12.42:820][  0]LogLoad: (Engine Initialization) Total Blueprint compile time: 0.00 seconds
[2022.05.10-15.12.42:860][  0]LogAssetRegistry: Asset discovery search completed in 3.9787 seconds
[2022.05.10-15.12.42:864][  0]LogCollectionManager: Fixed up redirectors for 0 collections in 0.000003 seconds (updated 0 objects)
[2022.05.10-15.12.42:866][  0]LogContentStreaming: Texture pool size now 1000 MB
[2022.05.10-15.12.43:513][  2]LogSlate: Took 0.000152 seconds to synchronously load lazily loaded font '../../../Engine/Content/Slate/Fonts/Roboto-Light.ttf' (167K)
[2022.05.10-15.13.41:555][176]LogHttp: Warning: 000002DB9EFDE400: invalid HTTP response code received. URL: https://datarouter.ol.epicgames.com/datarouter/api/v1/public/data?SessionID=%7B31D74CE9-441E-FEB0-5899-6B828F795AAC%7D&AppID=UEEditor.Rocket.Release&AppVersion=4.27.1-17735300%2B%2B%2BUE4%2BRelease-4.27&UserID=95bc5e124ce21f6881ef7cab5b3e5ee6%7C618efad4bd67403585b41fafc7367d46%7C20e4b0d6-857c-4b09-a43f-53ac2afa2372&AppEnvironment=datacollector-binary&UploadType=eteventstream, HTTP code: 0, content length: 0, actual payload size: 0
[2022.05.10-15.13.41:555][176]LogHttp: Warning: 000002DB9EFDE400: request failed, libcurl error: 6 (Couldn't resolve host name)
[2022.05.10-15.13.41:555][176]LogHttp: Warning: 000002DB9EFDE400: libcurl info message cache 0 (Could not resolve host: datarouter.ol.epicgames.com)
[2022.05.10-15.13.41:555][176]LogHttp: Warning: 000002DB9EFDE400: libcurl info message cache 1 (Closing connection 0)
[2022.05.10-15.13.41:555][176]LogHttp: Warning: Retry exhausted on https://datarouter.ol.epicgames.com/datarouter/api/v1/public/data?SessionID=%7B31D74CE9-441E-FEB0-5899-6B828F795AAC%7D&AppID=UEEditor.Rocket.Release&AppVersion=4.27.1-17735300%2B%2B%2BUE4%2BRelease-4.27&UserID=95bc5e124ce21f6881ef7cab5b3e5ee6%7C618efad4bd67403585b41fafc7367d46%7C20e4b0d6-857c-4b09-a43f-53ac2afa2372&AppEnvironment=datacollector-binary&UploadType=eteventstream
[2022.05.10-15.14.41:671][355]LogHttp: Warning: 000002DB8CC58800: invalid HTTP response code received. URL: https://datarouter.ol.epicgames.com/datarouter/api/v1/public/data?SessionID=%7B31D74CE9-441E-FEB0-5899-6B828F795AAC%7D&AppID=UEEditor.Rocket.Release&AppVersion=4.27.1-17735300%2B%2B%2BUE4%2BRelease-4.27&UserID=95bc5e124ce21f6881ef7cab5b3e5ee6%7C618efad4bd67403585b41fafc7367d46%7C20e4b0d6-857c-4b09-a43f-53ac2afa2372&AppEnvironment=datacollector-binary&UploadType=eteventstream, HTTP code: 0, content length: 0, actual payload size: 0
[2022.05.10-15.14.41:671][355]LogHttp: Warning: 000002DB8CC58800: request failed, libcurl error: 6 (Couldn't resolve host name)
[2022.05.10-15.14.41:671][355]LogHttp: Warning: 000002DB8CC58800: libcurl info message cache 0 (Could not resolve host: datarouter.ol.epicgames.com)
[2022.05.10-15.14.41:671][355]LogHttp: Warning: 000002DB8CC58800: libcurl info message cache 1 (Closing connection 1)
[2022.05.10-15.14.42:003][356]LogHttp: Warning: Retry exhausted on https://datarouter.ol.epicgames.com/datarouter/api/v1/public/data?SessionID=%7B31D74CE9-441E-FEB0-5899-6B828F795AAC%7D&AppID=UEEditor.Rocket.Release&AppVersion=4.27.1-17735300%2B%2B%2BUE4%2BRelease-4.27&UserID=95bc5e124ce21f6881ef7cab5b3e5ee6%7C618efad4bd67403585b41fafc7367d46%7C20e4b0d6-857c-4b09-a43f-53ac2afa2372&AppEnvironment=datacollector-binary&UploadType=eteventstream
[2022.05.10-15.15.35:712][515]LogSlate: Window 'Editor Preferences' being destroyed
[2022.05.10-15.15.35:717][515]LogSlate: Window 'Editor Preferences' being destroyed
[2022.05.10-15.15.38:154][768]LogUObjectHash: Compacting FUObjectHashTables data took   0.72ms
[2022.05.10-15.15.38:172][768]LogSlate: Took 0.000122 seconds to synchronously load lazily loaded font '../../../Engine/Content/Slate/Fonts/Roboto-Light.ttf' (167K)
[2022.05.10-15.15.38:194][768]LogAssetEditorSubsystem: Opening Asset editor for World /Game/Level1.Level1
[2022.05.10-15.15.38:211][768]Cmd: MAP LOAD FILE="../../../../Ball_Runner/Ball_Runner/Content/Level1.umap" TEMPLATE=0 SHOWPROGRESS=1 FEATURELEVEL=3
[2022.05.10-15.15.38:211][768]LightingResults: New page: Lighting Build
[2022.05.10-15.15.38:212][768]LoadErrors: New page: Loading map: Level1.umap
[2022.05.10-15.15.38:244][768]LogWorld: UWorld::CleanupWorld for Minimal_Default, bSessionEnded=true, bCleanupResources=true
[2022.05.10-15.15.38:244][768]LogSlate: InvalidateAllWidgets triggered.  All widgets were invalidated
[2022.05.10-15.15.38:244][768]MapCheck: New page: Map Check
[2022.05.10-15.15.38:244][768]LightingResults: New page: Lighting Build
[2022.05.10-15.15.38:247][768]LogAudio: Display: Audio Device unregistered from world 'None'.
[2022.05.10-15.15.38:249][768]LogUObjectHash: Compacting FUObjectHashTables data took   0.81ms
[2022.05.10-15.15.38:249][768]LogAudio: Display: Audio Device (ID: 1) registered with world 'Level1'.
[2022.05.10-15.15.38:268][768]LogEditorServer: Finished looking for orphan Actors (0.000 secs)
[2022.05.10-15.15.38:268][768]LogAIModule: Creating AISystem for world Level1
[2022.05.10-15.15.38:272][768]LogUObjectHash: Compacting FUObjectHashTables data took   0.63ms
[2022.05.10-15.15.38:274][768]Cmd: MAP CHECKDEP NOCLEARLOG
[2022.05.10-15.15.38:274][768]MapCheck: Map check complete: 0 Error(s), 0 Warning(s), took 0,058ms to complete.
[2022.05.10-15.15.38:274][768]LogFileHelpers: Loading map 'Level1' took 0.064
[2022.05.10-15.17.12:770][860]LogSlate: Window 'Save Level As' being destroyed
[2022.05.10-15.17.21:900][926]LogUObjectHash: Compacting FUObjectHashTables data took   0.25ms
[2022.05.10-15.17.21:903][926]Cmd: MAP LOAD FILE="../../../../Ball_Runner/Ball_Runner/Content/Level1.umap" TEMPLATE=0 SHOWPROGRESS=1 FEATURELEVEL=3
[2022.05.10-15.17.21:925][926]LightingResults: New page: Lighting Build
[2022.05.10-15.17.21:926][926]LoadErrors: New page: Loading map: Level1.umap
[2022.05.10-15.17.21:927][926]LogWorld: UWorld::CleanupWorld for Level1, bSessionEnded=true, bCleanupResources=true
[2022.05.10-15.17.21:927][926]LogSlate: InvalidateAllWidgets triggered.  All widgets were invalidated
[2022.05.10-15.17.21:927][926]MapCheck: New page: Map Check
[2022.05.10-15.17.21:927][926]LightingResults: New page: Lighting Build
[2022.05.10-15.17.21:929][926]LogAudio: Display: Audio Device unregistered from world 'None'.
[2022.05.10-15.17.21:931][926]LogUObjectHash: Compacting FUObjectHashTables data took   0.66ms
[2022.05.10-15.17.21:932][926]LogAudio: Display: Audio Device (ID: 1) registered with world 'Level1'.
[2022.05.10-15.17.21:933][926]LogAIModule: Creating AISystem for world Level1
[2022.05.10-15.17.21:951][926]LogEditorServer: Finished looking for orphan Actors (0.000 secs)
[2022.05.10-15.17.21:956][926]LogUObjectHash: Compacting FUObjectHashTables data took   0.62ms
[2022.05.10-15.17.21:962][926]Cmd: MAP CHECKDEP NOCLEARLOG
[2022.05.10-15.17.21:962][926]MapCheck: Map check complete: 0 Error(s), 0 Warning(s), took 0,058ms to complete.
[2022.05.10-15.17.21:963][926]LogFileHelpers: Loading map 'Level1' took 0.061
[2022.05.10-15.17.21:963][926]LogSlate: Window 'Open Level' being destroyed
